<?xml version="1.0" encoding="UTF-8"?>
<coverage generated="1729669860631" clover="3.2.0">
  <project timestamp="1729669860631" name="All files">
    <metrics statements="94" coveredstatements="64" conditionals="44" coveredconditionals="30" methods="24" coveredmethods="16" elements="162" coveredelements="110" complexity="0" loc="94" ncloc="94" packages="1" files="1" classes="1"/>
    <file name="AuthForm.jsx" path="/Users/bryanowens/Code/Websites/Tunes/react-tunes/client/src/components/AuthForm.jsx">
      <metrics statements="94" coveredstatements="64" conditionals="44" coveredconditionals="30" methods="24" coveredmethods="16"/>
      <line num="6" count="1" type="stmt"/>
      <line num="7" count="26" type="stmt"/>
      <line num="8" count="26" type="stmt"/>
      <line num="9" count="26" type="stmt"/>
      <line num="10" count="26" type="stmt"/>
      <line num="11" count="26" type="stmt"/>
      <line num="12" count="26" type="stmt"/>
      <line num="13" count="26" type="stmt"/>
      <line num="14" count="26" type="stmt"/>
      <line num="15" count="26" type="stmt"/>
      <line num="16" count="26" type="stmt"/>
      <line num="17" count="26" type="stmt"/>
      <line num="18" count="26" type="stmt"/>
      <line num="20" count="26" type="stmt"/>
      <line num="21" count="8" type="stmt"/>
      <line num="22" count="8" type="stmt"/>
      <line num="23" count="8" type="cond" truecount="2" falsecount="0"/>
      <line num="24" count="1" type="stmt"/>
      <line num="25" count="1" type="stmt"/>
      <line num="29" count="26" type="stmt"/>
      <line num="30" count="8" type="cond" truecount="2" falsecount="0"/>
      <line num="31" count="1" type="stmt"/>
      <line num="32" count="1" type="stmt"/>
      <line num="33" count="1" type="stmt"/>
      <line num="34" count="1" type="stmt"/>
      <line num="39" count="26" type="stmt"/>
      <line num="40" count="3" type="stmt"/>
      <line num="41" count="3" type="stmt"/>
      <line num="42" count="3" type="stmt"/>
      <line num="44" count="3" type="cond" truecount="2" falsecount="2"/>
      <line num="45" count="0" type="stmt"/>
      <line num="46" count="0" type="stmt"/>
      <line num="47" count="0" type="stmt"/>
      <line num="48" count="0" type="stmt"/>
      <line num="50" count="0" type="stmt"/>
      <line num="53" count="3" type="cond" truecount="4" falsecount="0"/>
      <line num="54" count="1" type="stmt"/>
      <line num="55" count="1" type="stmt"/>
      <line num="58" count="2" type="stmt"/>
      <line num="61" count="2" type="cond" truecount="1" falsecount="4"/>
      <line num="63" count="2" type="stmt"/>
      <line num="64" count="2" type="stmt"/>
      <line num="65" count="2" type="stmt"/>
      <line num="67" count="0" type="stmt"/>
      <line num="68" count="0" type="stmt"/>
      <line num="69" count="0" type="stmt"/>
      <line num="71" count="0" type="stmt"/>
      <line num="72" count="0" type="stmt"/>
      <line num="73" count="0" type="stmt"/>
      <line num="75" count="0" type="stmt"/>
      <line num="76" count="0" type="stmt"/>
      <line num="78" count="0" type="stmt"/>
      <line num="80" count="0" type="stmt"/>
      <line num="83" count="2" type="stmt"/>
      <line num="89" count="2" type="stmt"/>
      <line num="91" count="2" type="cond" truecount="1" falsecount="1"/>
      <line num="92" count="2" type="cond" truecount="1" falsecount="1"/>
      <line num="93" count="2" type="cond" truecount="1" falsecount="1"/>
      <line num="94" count="2" type="stmt"/>
      <line num="96" count="2" type="cond" truecount="1" falsecount="1"/>
      <line num="97" count="0" type="stmt"/>
      <line num="98" count="0" type="stmt"/>
      <line num="99" count="0" type="stmt"/>
      <line num="100" count="0" type="stmt"/>
      <line num="102" count="2" type="cond" truecount="1" falsecount="1"/>
      <line num="103" count="0" type="stmt"/>
      <line num="107" count="2" type="stmt"/>
      <line num="109" count="0" type="cond" truecount="0" falsecount="2"/>
      <line num="112" count="0" type="stmt"/>
      <line num="113" count="0" type="stmt"/>
      <line num="117" count="26" type="stmt"/>
      <line num="118" count="26" type="cond" truecount="4" falsecount="1"/>
      <line num="120" count="20" type="stmt"/>
      <line num="121" count="2" type="stmt"/>
      <line num="126" count="2" type="stmt"/>
      <line num="134" count="2" type="stmt"/>
      <line num="143" count="3" type="stmt"/>
      <line num="154" count="1" type="stmt"/>
      <line num="155" count="0" type="stmt"/>
      <line num="160" count="0" type="stmt"/>
      <line num="168" count="0" type="stmt"/>
      <line num="176" count="0" type="stmt"/>
      <line num="190" count="1" type="stmt"/>
      <line num="191" count="0" type="stmt"/>
      <line num="196" count="0" type="stmt"/>
      <line num="210" count="4" type="stmt"/>
      <line num="211" count="1" type="stmt"/>
      <line num="216" count="1" type="stmt"/>
      <line num="224" count="1" type="stmt"/>
      <line num="238" count="0" type="stmt"/>
      <line num="242" count="26" type="stmt"/>
      <line num="248" count="1" type="stmt"/>
      <line num="255" count="1" type="stmt"/>
      <line num="264" count="1" type="stmt"/>
    </file>
  </project>
</coverage>
