{"/Users/bryanowens/Code/Websites/Tunes/react-tunes/client/src/components/AuthForm.jsx": {"path":"/Users/bryanowens/Code/Websites/Tunes/react-tunes/client/src/components/AuthForm.jsx","statementMap":{"0":{"start":{"line":6,"column":17},"end":{"line":284,"column":1}},"1":{"start":{"line":7,"column":28},"end":{"line":7,"column":40}},"2":{"start":{"line":8,"column":34},"end":{"line":8,"column":46}},"3":{"start":{"line":9,"column":26},"end":{"line":9,"column":38}},"4":{"start":{"line":10,"column":48},"end":{"line":10,"column":60}},"5":{"start":{"line":11,"column":28},"end":{"line":11,"column":40}},"6":{"start":{"line":12,"column":32},"end":{"line":12,"column":44}},"7":{"start":{"line":13,"column":36},"end":{"line":13,"column":53}},"8":{"start":{"line":14,"column":38},"end":{"line":14,"column":50}},"9":{"start":{"line":15,"column":42},"end":{"line":15,"column":57}},"10":{"start":{"line":16,"column":32},"end":{"line":16,"column":41}},"11":{"start":{"line":17,"column":19},"end":{"line":17,"column":32}},"12":{"start":{"line":18,"column":19},"end":{"line":18,"column":32}},"13":{"start":{"line":20,"column":2},"end":{"line":27,"column":17}},"14":{"start":{"line":21,"column":18},"end":{"line":21,"column":54}},"15":{"start":{"line":22,"column":18},"end":{"line":22,"column":42}},"16":{"start":{"line":23,"column":4},"end":{"line":26,"column":5}},"17":{"start":{"line":24,"column":6},"end":{"line":24,"column":27}},"18":{"start":{"line":25,"column":6},"end":{"line":25,"column":36}},"19":{"start":{"line":29,"column":2},"end":{"line":37,"column":38}},"20":{"start":{"line":30,"column":4},"end":{"line":36,"column":5}},"21":{"start":{"line":31,"column":6},"end":{"line":31,"column":47}},"22":{"start":{"line":32,"column":6},"end":{"line":35,"column":15}},"23":{"start":{"line":33,"column":8},"end":{"line":33,"column":18}},"24":{"start":{"line":34,"column":8},"end":{"line":34,"column":22}},"25":{"start":{"line":39,"column":23},"end":{"line":115,"column":3}},"26":{"start":{"line":40,"column":4},"end":{"line":40,"column":23}},"27":{"start":{"line":41,"column":4},"end":{"line":41,"column":17}},"28":{"start":{"line":42,"column":4},"end":{"line":42,"column":19}},"29":{"start":{"line":44,"column":4},"end":{"line":51,"column":5}},"30":{"start":{"line":45,"column":6},"end":{"line":45,"column":47}},"31":{"start":{"line":46,"column":6},"end":{"line":49,"column":15}},"32":{"start":{"line":47,"column":8},"end":{"line":47,"column":18}},"33":{"start":{"line":48,"column":8},"end":{"line":48,"column":22}},"34":{"start":{"line":50,"column":6},"end":{"line":50,"column":13}},"35":{"start":{"line":53,"column":4},"end":{"line":56,"column":5}},"36":{"start":{"line":54,"column":6},"end":{"line":54,"column":41}},"37":{"start":{"line":55,"column":6},"end":{"line":55,"column":13}},"38":{"start":{"line":58,"column":4},"end":{"line":114,"column":5}},"39":{"start":{"line":61,"column":6},"end":{"line":81,"column":7}},"40":{"start":{"line":63,"column":10},"end":{"line":63,"column":39}},"41":{"start":{"line":64,"column":10},"end":{"line":64,"column":67}},"42":{"start":{"line":65,"column":10},"end":{"line":65,"column":16}},"43":{"start":{"line":67,"column":10},"end":{"line":67,"column":40}},"44":{"start":{"line":68,"column":10},"end":{"line":68,"column":59}},"45":{"start":{"line":69,"column":10},"end":{"line":69,"column":16}},"46":{"start":{"line":71,"column":10},"end":{"line":71,"column":49}},"47":{"start":{"line":72,"column":10},"end":{"line":72,"column":43}},"48":{"start":{"line":73,"column":10},"end":{"line":73,"column":16}},"49":{"start":{"line":75,"column":10},"end":{"line":75,"column":48}},"50":{"start":{"line":76,"column":10},"end":{"line":76,"column":78}},"51":{"start":{"line":78,"column":10},"end":{"line":78,"column":16}},"52":{"start":{"line":80,"column":10},"end":{"line":80,"column":47}},"53":{"start":{"line":83,"column":23},"end":{"line":87,"column":8}},"54":{"start":{"line":89,"column":19},"end":{"line":89,"column":40}},"55":{"start":{"line":91,"column":6},"end":{"line":110,"column":7}},"56":{"start":{"line":92,"column":8},"end":{"line":92,"column":59}},"57":{"start":{"line":93,"column":8},"end":{"line":95,"column":9}},"58":{"start":{"line":94,"column":10},"end":{"line":94,"column":44}},"59":{"start":{"line":96,"column":8},"end":{"line":106,"column":9}},"60":{"start":{"line":97,"column":10},"end":{"line":97,"column":32}},"61":{"start":{"line":98,"column":10},"end":{"line":101,"column":19}},"62":{"start":{"line":99,"column":12},"end":{"line":99,"column":22}},"63":{"start":{"line":100,"column":12},"end":{"line":100,"column":26}},"64":{"start":{"line":102,"column":15},"end":{"line":106,"column":9}},"65":{"start":{"line":103,"column":10},"end":{"line":105,"column":12}},"66":{"start":{"line":107,"column":8},"end":{"line":107,"column":34}},"67":{"start":{"line":109,"column":8},"end":{"line":109,"column":52}},"68":{"start":{"line":112,"column":6},"end":{"line":112,"column":57}},"69":{"start":{"line":113,"column":6},"end":{"line":113,"column":55}},"70":{"start":{"line":117,"column":21},"end":{"line":240,"column":3}},"71":{"start":{"line":118,"column":4},"end":{"line":239,"column":5}},"72":{"start":{"line":120,"column":8},"end":{"line":152,"column":10}},"73":{"start":{"line":121,"column":33},"end":{"line":121,"column":57}},"74":{"start":{"line":126,"column":31},"end":{"line":126,"column":55}},"75":{"start":{"line":134,"column":31},"end":{"line":134,"column":58}},"76":{"start":{"line":143,"column":33},"end":{"line":143,"column":66}},"77":{"start":{"line":154,"column":8},"end":{"line":188,"column":10}},"78":{"start":{"line":155,"column":33},"end":{"line":155,"column":58}},"79":{"start":{"line":160,"column":31},"end":{"line":160,"column":54}},"80":{"start":{"line":168,"column":31},"end":{"line":168,"column":55}},"81":{"start":{"line":176,"column":31},"end":{"line":176,"column":58}},"82":{"start":{"line":190,"column":8},"end":{"line":208,"column":10}},"83":{"start":{"line":191,"column":33},"end":{"line":191,"column":66}},"84":{"start":{"line":196,"column":31},"end":{"line":196,"column":55}},"85":{"start":{"line":210,"column":8},"end":{"line":236,"column":10}},"86":{"start":{"line":211,"column":33},"end":{"line":211,"column":65}},"87":{"start":{"line":216,"column":31},"end":{"line":216,"column":58}},"88":{"start":{"line":224,"column":31},"end":{"line":224,"column":65}},"89":{"start":{"line":238,"column":8},"end":{"line":238,"column":20}},"90":{"start":{"line":242,"column":2},"end":{"line":283,"column":4}},"91":{"start":{"line":248,"column":27},"end":{"line":248,"column":48}},"92":{"start":{"line":255,"column":27},"end":{"line":255,"column":49}},"93":{"start":{"line":264,"column":27},"end":{"line":264,"column":57}}},"fnMap":{"0":{"name":"(anonymous_0)","decl":{"start":{"line":6,"column":17},"end":{"line":6,"column":18}},"loc":{"start":{"line":6,"column":34},"end":{"line":284,"column":1}},"line":6},"1":{"name":"(anonymous_1)","decl":{"start":{"line":20,"column":12},"end":{"line":20,"column":13}},"loc":{"start":{"line":20,"column":18},"end":{"line":27,"column":3}},"line":20},"2":{"name":"(anonymous_2)","decl":{"start":{"line":29,"column":12},"end":{"line":29,"column":13}},"loc":{"start":{"line":29,"column":18},"end":{"line":37,"column":3}},"line":29},"3":{"name":"(anonymous_3)","decl":{"start":{"line":32,"column":17},"end":{"line":32,"column":18}},"loc":{"start":{"line":32,"column":23},"end":{"line":35,"column":7}},"line":32},"4":{"name":"(anonymous_4)","decl":{"start":{"line":39,"column":23},"end":{"line":39,"column":24}},"loc":{"start":{"line":39,"column":42},"end":{"line":115,"column":3}},"line":39},"5":{"name":"(anonymous_5)","decl":{"start":{"line":46,"column":17},"end":{"line":46,"column":18}},"loc":{"start":{"line":46,"column":23},"end":{"line":49,"column":7}},"line":46},"6":{"name":"(anonymous_6)","decl":{"start":{"line":98,"column":21},"end":{"line":98,"column":22}},"loc":{"start":{"line":98,"column":27},"end":{"line":101,"column":11}},"line":98},"7":{"name":"(anonymous_7)","decl":{"start":{"line":117,"column":21},"end":{"line":117,"column":22}},"loc":{"start":{"line":117,"column":27},"end":{"line":240,"column":3}},"line":117},"8":{"name":"(anonymous_8)","decl":{"start":{"line":121,"column":26},"end":{"line":121,"column":27}},"loc":{"start":{"line":121,"column":33},"end":{"line":121,"column":57}},"line":121},"9":{"name":"(anonymous_9)","decl":{"start":{"line":126,"column":24},"end":{"line":126,"column":25}},"loc":{"start":{"line":126,"column":31},"end":{"line":126,"column":55}},"line":126},"10":{"name":"(anonymous_10)","decl":{"start":{"line":134,"column":24},"end":{"line":134,"column":25}},"loc":{"start":{"line":134,"column":31},"end":{"line":134,"column":58}},"line":134},"11":{"name":"(anonymous_11)","decl":{"start":{"line":143,"column":26},"end":{"line":143,"column":27}},"loc":{"start":{"line":143,"column":33},"end":{"line":143,"column":66}},"line":143},"12":{"name":"(anonymous_12)","decl":{"start":{"line":155,"column":26},"end":{"line":155,"column":27}},"loc":{"start":{"line":155,"column":33},"end":{"line":155,"column":58}},"line":155},"13":{"name":"(anonymous_13)","decl":{"start":{"line":160,"column":24},"end":{"line":160,"column":25}},"loc":{"start":{"line":160,"column":31},"end":{"line":160,"column":54}},"line":160},"14":{"name":"(anonymous_14)","decl":{"start":{"line":168,"column":24},"end":{"line":168,"column":25}},"loc":{"start":{"line":168,"column":31},"end":{"line":168,"column":55}},"line":168},"15":{"name":"(anonymous_15)","decl":{"start":{"line":176,"column":24},"end":{"line":176,"column":25}},"loc":{"start":{"line":176,"column":31},"end":{"line":176,"column":58}},"line":176},"16":{"name":"(anonymous_16)","decl":{"start":{"line":191,"column":26},"end":{"line":191,"column":27}},"loc":{"start":{"line":191,"column":33},"end":{"line":191,"column":66}},"line":191},"17":{"name":"(anonymous_17)","decl":{"start":{"line":196,"column":24},"end":{"line":196,"column":25}},"loc":{"start":{"line":196,"column":31},"end":{"line":196,"column":55}},"line":196},"18":{"name":"(anonymous_18)","decl":{"start":{"line":211,"column":26},"end":{"line":211,"column":27}},"loc":{"start":{"line":211,"column":33},"end":{"line":211,"column":65}},"line":211},"19":{"name":"(anonymous_19)","decl":{"start":{"line":216,"column":24},"end":{"line":216,"column":25}},"loc":{"start":{"line":216,"column":31},"end":{"line":216,"column":58}},"line":216},"20":{"name":"(anonymous_20)","decl":{"start":{"line":224,"column":24},"end":{"line":224,"column":25}},"loc":{"start":{"line":224,"column":31},"end":{"line":224,"column":65}},"line":224},"21":{"name":"(anonymous_21)","decl":{"start":{"line":248,"column":21},"end":{"line":248,"column":22}},"loc":{"start":{"line":248,"column":27},"end":{"line":248,"column":48}},"line":248},"22":{"name":"(anonymous_22)","decl":{"start":{"line":255,"column":21},"end":{"line":255,"column":22}},"loc":{"start":{"line":255,"column":27},"end":{"line":255,"column":49}},"line":255},"23":{"name":"(anonymous_23)","decl":{"start":{"line":264,"column":21},"end":{"line":264,"column":22}},"loc":{"start":{"line":264,"column":27},"end":{"line":264,"column":57}},"line":264}},"branchMap":{"0":{"loc":{"start":{"line":23,"column":4},"end":{"line":26,"column":5}},"type":"if","locations":[{"start":{"line":23,"column":4},"end":{"line":26,"column":5}},{"start":{},"end":{}}],"line":23},"1":{"loc":{"start":{"line":30,"column":4},"end":{"line":36,"column":5}},"type":"if","locations":[{"start":{"line":30,"column":4},"end":{"line":36,"column":5}},{"start":{},"end":{}}],"line":30},"2":{"loc":{"start":{"line":44,"column":4},"end":{"line":51,"column":5}},"type":"if","locations":[{"start":{"line":44,"column":4},"end":{"line":51,"column":5}},{"start":{},"end":{}}],"line":44},"3":{"loc":{"start":{"line":44,"column":8},"end":{"line":44,"column":46}},"type":"binary-expr","locations":[{"start":{"line":44,"column":8},"end":{"line":44,"column":18}},{"start":{"line":44,"column":22},"end":{"line":44,"column":46}}],"line":44},"4":{"loc":{"start":{"line":53,"column":4},"end":{"line":56,"column":5}},"type":"if","locations":[{"start":{"line":53,"column":4},"end":{"line":56,"column":5}},{"start":{},"end":{}}],"line":53},"5":{"loc":{"start":{"line":53,"column":8},"end":{"line":53,"column":64}},"type":"binary-expr","locations":[{"start":{"line":53,"column":8},"end":{"line":53,"column":32}},{"start":{"line":53,"column":36},"end":{"line":53,"column":64}}],"line":53},"6":{"loc":{"start":{"line":61,"column":6},"end":{"line":81,"column":7}},"type":"switch","locations":[{"start":{"line":62,"column":8},"end":{"line":65,"column":16}},{"start":{"line":66,"column":8},"end":{"line":69,"column":16}},{"start":{"line":70,"column":8},"end":{"line":73,"column":16}},{"start":{"line":74,"column":8},"end":{"line":78,"column":16}},{"start":{"line":79,"column":8},"end":{"line":80,"column":47}}],"line":61},"7":{"loc":{"start":{"line":91,"column":6},"end":{"line":110,"column":7}},"type":"if","locations":[{"start":{"line":91,"column":6},"end":{"line":110,"column":7}},{"start":{"line":108,"column":13},"end":{"line":110,"column":7}}],"line":91},"8":{"loc":{"start":{"line":92,"column":19},"end":{"line":92,"column":57}},"type":"binary-expr","locations":[{"start":{"line":92,"column":19},"end":{"line":92,"column":31}},{"start":{"line":92,"column":35},"end":{"line":92,"column":57}}],"line":92},"9":{"loc":{"start":{"line":93,"column":8},"end":{"line":95,"column":9}},"type":"if","locations":[{"start":{"line":93,"column":8},"end":{"line":95,"column":9}},{"start":{},"end":{}}],"line":93},"10":{"loc":{"start":{"line":96,"column":8},"end":{"line":106,"column":9}},"type":"if","locations":[{"start":{"line":96,"column":8},"end":{"line":106,"column":9}},{"start":{"line":102,"column":15},"end":{"line":106,"column":9}}],"line":96},"11":{"loc":{"start":{"line":102,"column":15},"end":{"line":106,"column":9}},"type":"if","locations":[{"start":{"line":102,"column":15},"end":{"line":106,"column":9}},{"start":{},"end":{}}],"line":102},"12":{"loc":{"start":{"line":109,"column":17},"end":{"line":109,"column":50}},"type":"binary-expr","locations":[{"start":{"line":109,"column":17},"end":{"line":109,"column":27}},{"start":{"line":109,"column":31},"end":{"line":109,"column":50}}],"line":109},"13":{"loc":{"start":{"line":118,"column":4},"end":{"line":239,"column":5}},"type":"switch","locations":[{"start":{"line":119,"column":6},"end":{"line":152,"column":10}},{"start":{"line":153,"column":6},"end":{"line":188,"column":10}},{"start":{"line":189,"column":6},"end":{"line":208,"column":10}},{"start":{"line":209,"column":6},"end":{"line":236,"column":10}},{"start":{"line":237,"column":6},"end":{"line":238,"column":20}}],"line":118},"14":{"loc":{"start":{"line":247,"column":39},"end":{"line":247,"column":76}},"type":"cond-expr","locations":[{"start":{"line":247,"column":63},"end":{"line":247,"column":71}},{"start":{"line":247,"column":74},"end":{"line":247,"column":76}}],"line":247},"15":{"loc":{"start":{"line":254,"column":39},"end":{"line":254,"column":77}},"type":"cond-expr","locations":[{"start":{"line":254,"column":64},"end":{"line":254,"column":72}},{"start":{"line":254,"column":75},"end":{"line":254,"column":77}}],"line":254},"16":{"loc":{"start":{"line":262,"column":14},"end":{"line":262,"column":60}},"type":"cond-expr","locations":[{"start":{"line":262,"column":47},"end":{"line":262,"column":55}},{"start":{"line":262,"column":58},"end":{"line":262,"column":60}}],"line":262},"17":{"loc":{"start":{"line":271,"column":9},"end":{"line":275,"column":9}},"type":"binary-expr","locations":[{"start":{"line":271,"column":9},"end":{"line":271,"column":14}},{"start":{"line":272,"column":10},"end":{"line":274,"column":16}}],"line":271},"18":{"loc":{"start":{"line":276,"column":9},"end":{"line":280,"column":9}},"type":"binary-expr","locations":[{"start":{"line":276,"column":9},"end":{"line":276,"column":16}},{"start":{"line":277,"column":10},"end":{"line":279,"column":16}}],"line":276}},"s":{"0":1,"1":26,"2":26,"3":26,"4":26,"5":26,"6":26,"7":26,"8":26,"9":26,"10":26,"11":26,"12":26,"13":26,"14":8,"15":8,"16":8,"17":1,"18":1,"19":26,"20":8,"21":1,"22":1,"23":1,"24":1,"25":26,"26":3,"27":3,"28":3,"29":3,"30":0,"31":0,"32":0,"33":0,"34":0,"35":3,"36":1,"37":1,"38":2,"39":2,"40":2,"41":2,"42":2,"43":0,"44":0,"45":0,"46":0,"47":0,"48":0,"49":0,"50":0,"51":0,"52":0,"53":2,"54":2,"55":2,"56":2,"57":2,"58":2,"59":2,"60":0,"61":0,"62":0,"63":0,"64":2,"65":0,"66":2,"67":0,"68":0,"69":0,"70":26,"71":26,"72":20,"73":2,"74":2,"75":2,"76":3,"77":1,"78":0,"79":0,"80":0,"81":0,"82":1,"83":0,"84":0,"85":4,"86":1,"87":1,"88":1,"89":0,"90":26,"91":1,"92":1,"93":1},"f":{"0":26,"1":8,"2":8,"3":1,"4":3,"5":0,"6":0,"7":26,"8":2,"9":2,"10":2,"11":3,"12":0,"13":0,"14":0,"15":0,"16":0,"17":0,"18":1,"19":1,"20":1,"21":1,"22":1,"23":1},"b":{"0":[1,7],"1":[1,7],"2":[0,3],"3":[3,0],"4":[1,2],"5":[3,1],"6":[2,0,0,0,0],"7":[2,0],"8":[2,0],"9":[2,0],"10":[0,2],"11":[0,2],"12":[0,0],"13":[20,1,1,4,0],"14":[20,6],"15":[1,25],"16":[1,25],"17":[26,1],"18":[26,2]},"_coverageSchema":"1a1c01bbd47fc00a2c39e90264f33305004495a9","hash":"6e28dcd68b9646698dcd253f5e04645b0b26801b"}
}
