{"/Users/bryanowens/Code/Websites/Tunes/react-tunes/client/src/App.jsx": {"path":"/Users/bryanowens/Code/Websites/Tunes/react-tunes/client/src/App.jsx","statementMap":{"0":{"start":{"line":14,"column":2},"end":{"line":28,"column":4}}},"fnMap":{"0":{"name":"App","decl":{"start":{"line":13,"column":9},"end":{"line":13,"column":12}},"loc":{"start":{"line":13,"column":15},"end":{"line":29,"column":1}},"line":13}},"branchMap":{},"s":{"0":8},"f":{"0":8},"b":{},"_coverageSchema":"1a1c01bbd47fc00a2c39e90264f33305004495a9","hash":"293f2bcb496a2a24c9dabe7c696ae5349ea58adf"}
,"/Users/bryanowens/Code/Websites/Tunes/react-tunes/client/src/useAuth.jsx": {"path":"/Users/bryanowens/Code/Websites/Tunes/react-tunes/client/src/useAuth.jsx","statementMap":{"0":{"start":{"line":5,"column":20},"end":{"line":5,"column":39}},"1":{"start":{"line":7,"column":28},"end":{"line":59,"column":1}},"2":{"start":{"line":8,"column":38},"end":{"line":8,"column":53}},"3":{"start":{"line":9,"column":19},"end":{"line":9,"column":32}},"4":{"start":{"line":11,"column":2},"end":{"line":33,"column":9}},"5":{"start":{"line":12,"column":18},"end":{"line":12,"column":47}},"6":{"start":{"line":13,"column":24},"end":{"line":13,"column":59}},"7":{"start":{"line":15,"column":4},"end":{"line":32,"column":5}},"8":{"start":{"line":17,"column":6},"end":{"line":24,"column":7}},"9":{"start":{"line":18,"column":8},"end":{"line":18,"column":28}},"10":{"start":{"line":21,"column":8},"end":{"line":21,"column":41}},"11":{"start":{"line":22,"column":8},"end":{"line":22,"column":47}},"12":{"start":{"line":23,"column":8},"end":{"line":23,"column":29}},"13":{"start":{"line":25,"column":11},"end":{"line":32,"column":5}},"14":{"start":{"line":27,"column":6},"end":{"line":27,"column":39}},"15":{"start":{"line":28,"column":6},"end":{"line":28,"column":45}},"16":{"start":{"line":29,"column":6},"end":{"line":29,"column":27}},"17":{"start":{"line":31,"column":6},"end":{"line":31,"column":27}},"18":{"start":{"line":35,"column":16},"end":{"line":45,"column":3}},"19":{"start":{"line":36,"column":4},"end":{"line":36,"column":41}},"20":{"start":{"line":40,"column":6},"end":{"line":40,"column":74}},"21":{"start":{"line":41,"column":23},"end":{"line":41,"column":54}},"22":{"start":{"line":43,"column":4},"end":{"line":43,"column":63}},"23":{"start":{"line":44,"column":4},"end":{"line":44,"column":24}},"24":{"start":{"line":47,"column":17},"end":{"line":52,"column":3}},"25":{"start":{"line":48,"column":4},"end":{"line":48,"column":37}},"26":{"start":{"line":49,"column":4},"end":{"line":49,"column":43}},"27":{"start":{"line":50,"column":4},"end":{"line":50,"column":25}},"28":{"start":{"line":51,"column":4},"end":{"line":51,"column":18}},"29":{"start":{"line":54,"column":2},"end":{"line":58,"column":4}},"30":{"start":{"line":61,"column":23},"end":{"line":67,"column":1}},"31":{"start":{"line":62,"column":18},"end":{"line":62,"column":41}},"32":{"start":{"line":63,"column":2},"end":{"line":65,"column":3}},"33":{"start":{"line":64,"column":4},"end":{"line":64,"column":67}},"34":{"start":{"line":66,"column":2},"end":{"line":66,"column":17}}},"fnMap":{"0":{"name":"(anonymous_0)","decl":{"start":{"line":7,"column":28},"end":{"line":7,"column":29}},"loc":{"start":{"line":7,"column":46},"end":{"line":59,"column":1}},"line":7},"1":{"name":"(anonymous_1)","decl":{"start":{"line":11,"column":12},"end":{"line":11,"column":13}},"loc":{"start":{"line":11,"column":18},"end":{"line":33,"column":3}},"line":11},"2":{"name":"(anonymous_2)","decl":{"start":{"line":35,"column":16},"end":{"line":35,"column":17}},"loc":{"start":{"line":35,"column":45},"end":{"line":45,"column":3}},"line":35},"3":{"name":"(anonymous_3)","decl":{"start":{"line":47,"column":17},"end":{"line":47,"column":18}},"loc":{"start":{"line":47,"column":23},"end":{"line":52,"column":3}},"line":47},"4":{"name":"(anonymous_4)","decl":{"start":{"line":61,"column":23},"end":{"line":61,"column":24}},"loc":{"start":{"line":61,"column":29},"end":{"line":67,"column":1}},"line":61}},"branchMap":{"0":{"loc":{"start":{"line":15,"column":4},"end":{"line":32,"column":5}},"type":"if","locations":[{"start":{"line":15,"column":4},"end":{"line":32,"column":5}},{"start":{"line":25,"column":11},"end":{"line":32,"column":5}}],"line":15},"1":{"loc":{"start":{"line":15,"column":8},"end":{"line":15,"column":28}},"type":"binary-expr","locations":[{"start":{"line":15,"column":8},"end":{"line":15,"column":13}},{"start":{"line":15,"column":17},"end":{"line":15,"column":28}}],"line":15},"2":{"loc":{"start":{"line":17,"column":6},"end":{"line":24,"column":7}},"type":"if","locations":[{"start":{"line":17,"column":6},"end":{"line":24,"column":7}},{"start":{"line":19,"column":13},"end":{"line":24,"column":7}}],"line":17},"3":{"loc":{"start":{"line":25,"column":11},"end":{"line":32,"column":5}},"type":"if","locations":[{"start":{"line":25,"column":11},"end":{"line":32,"column":5}},{"start":{"line":30,"column":11},"end":{"line":32,"column":5}}],"line":25},"4":{"loc":{"start":{"line":25,"column":15},"end":{"line":25,"column":35}},"type":"binary-expr","locations":[{"start":{"line":25,"column":15},"end":{"line":25,"column":20}},{"start":{"line":25,"column":24},"end":{"line":25,"column":35}}],"line":25},"5":{"loc":{"start":{"line":35,"column":24},"end":{"line":35,"column":40}},"type":"default-arg","locations":[{"start":{"line":35,"column":36},"end":{"line":35,"column":40}}],"line":35},"6":{"loc":{"start":{"line":40,"column":6},"end":{"line":40,"column":74}},"type":"cond-expr","locations":[{"start":{"line":40,"column":28},"end":{"line":40,"column":52}},{"start":{"line":40,"column":55},"end":{"line":40,"column":74}}],"line":40},"7":{"loc":{"start":{"line":63,"column":2},"end":{"line":65,"column":3}},"type":"if","locations":[{"start":{"line":63,"column":2},"end":{"line":65,"column":3}},{"start":{},"end":{}}],"line":63}},"s":{"0":3,"1":3,"2":15,"3":15,"4":15,"5":10,"6":10,"7":10,"8":3,"9":1,"10":2,"11":2,"12":2,"13":7,"14":1,"15":1,"16":1,"17":6,"18":15,"19":2,"20":2,"21":2,"22":2,"23":2,"24":15,"25":1,"26":1,"27":1,"28":1,"29":15,"30":3,"31":10,"32":10,"33":0,"34":10},"f":{"0":15,"1":10,"2":2,"3":1,"4":10},"b":{"0":[3,7],"1":[10,4],"2":[1,2],"3":[1,6],"4":[7,6],"5":[1],"6":[1,1],"7":[0,10]},"_coverageSchema":"1a1c01bbd47fc00a2c39e90264f33305004495a9","hash":"faadc30bdd3a1452205c8ac7f7a274360d02fb07"}
,"/Users/bryanowens/Code/Websites/Tunes/react-tunes/client/src/components/AuthButton.jsx": {"path":"/Users/bryanowens/Code/Websites/Tunes/react-tunes/client/src/components/AuthButton.jsx","statementMap":{"0":{"start":{"line":13,"column":19},"end":{"line":58,"column":1}},"1":{"start":{"line":14,"column":40},"end":{"line":14,"column":55}},"2":{"start":{"line":15,"column":33},"end":{"line":15,"column":42}},"3":{"start":{"line":16,"column":19},"end":{"line":16,"column":32}},"4":{"start":{"line":18,"column":2},"end":{"line":24,"column":17}},"5":{"start":{"line":19,"column":18},"end":{"line":19,"column":54}},"6":{"start":{"line":20,"column":18},"end":{"line":20,"column":42}},"7":{"start":{"line":21,"column":4},"end":{"line":23,"column":5}},"8":{"start":{"line":22,"column":6},"end":{"line":22,"column":27}},"9":{"start":{"line":26,"column":27},"end":{"line":28,"column":3}},"10":{"start":{"line":27,"column":4},"end":{"line":27,"column":25}},"11":{"start":{"line":30,"column":23},"end":{"line":32,"column":3}},"12":{"start":{"line":31,"column":4},"end":{"line":31,"column":13}},"13":{"start":{"line":34,"column":27},"end":{"line":36,"column":3}},"14":{"start":{"line":35,"column":4},"end":{"line":35,"column":26}},"15":{"start":{"line":38,"column":2},"end":{"line":57,"column":4}}},"fnMap":{"0":{"name":"(anonymous_0)","decl":{"start":{"line":13,"column":19},"end":{"line":13,"column":20}},"loc":{"start":{"line":13,"column":25},"end":{"line":58,"column":1}},"line":13},"1":{"name":"(anonymous_1)","decl":{"start":{"line":18,"column":12},"end":{"line":18,"column":13}},"loc":{"start":{"line":18,"column":18},"end":{"line":24,"column":3}},"line":18},"2":{"name":"(anonymous_2)","decl":{"start":{"line":26,"column":27},"end":{"line":26,"column":28}},"loc":{"start":{"line":26,"column":33},"end":{"line":28,"column":3}},"line":26},"3":{"name":"(anonymous_3)","decl":{"start":{"line":30,"column":23},"end":{"line":30,"column":24}},"loc":{"start":{"line":30,"column":29},"end":{"line":32,"column":3}},"line":30},"4":{"name":"(anonymous_4)","decl":{"start":{"line":34,"column":27},"end":{"line":34,"column":28}},"loc":{"start":{"line":34,"column":33},"end":{"line":36,"column":3}},"line":34}},"branchMap":{"0":{"loc":{"start":{"line":21,"column":4},"end":{"line":23,"column":5}},"type":"if","locations":[{"start":{"line":21,"column":4},"end":{"line":23,"column":5}},{"start":{},"end":{}}],"line":21},"1":{"loc":{"start":{"line":40,"column":7},"end":{"line":44,"column":7}},"type":"cond-expr","locations":[{"start":{"line":41,"column":8},"end":{"line":41,"column":55}},{"start":{"line":43,"column":8},"end":{"line":43,"column":58}}],"line":40},"2":{"loc":{"start":{"line":45,"column":7},"end":{"line":55,"column":7}},"type":"binary-expr","locations":[{"start":{"line":45,"column":7},"end":{"line":45,"column":18}},{"start":{"line":46,"column":8},"end":{"line":54,"column":17}}],"line":45}},"s":{"0":1,"1":10,"2":10,"3":10,"4":10,"5":6,"6":6,"7":6,"8":1,"9":10,"10":2,"11":10,"12":1,"13":10,"14":1,"15":10},"f":{"0":10,"1":6,"2":2,"3":1,"4":1},"b":{"0":[1,5],"1":[2,8],"2":[10,8]},"_coverageSchema":"1a1c01bbd47fc00a2c39e90264f33305004495a9","hash":"a6051addb0f6277efd9b1bd555511309995525b9"}
,"/Users/bryanowens/Code/Websites/Tunes/react-tunes/client/src/components/AuthForm.jsx": {"path":"/Users/bryanowens/Code/Websites/Tunes/react-tunes/client/src/components/AuthForm.jsx","statementMap":{"0":{"start":{"line":6,"column":17},"end":{"line":284,"column":1}},"1":{"start":{"line":7,"column":28},"end":{"line":7,"column":40}},"2":{"start":{"line":8,"column":34},"end":{"line":8,"column":46}},"3":{"start":{"line":9,"column":26},"end":{"line":9,"column":38}},"4":{"start":{"line":10,"column":48},"end":{"line":10,"column":60}},"5":{"start":{"line":11,"column":28},"end":{"line":11,"column":40}},"6":{"start":{"line":12,"column":32},"end":{"line":12,"column":44}},"7":{"start":{"line":13,"column":36},"end":{"line":13,"column":53}},"8":{"start":{"line":14,"column":38},"end":{"line":14,"column":50}},"9":{"start":{"line":15,"column":42},"end":{"line":15,"column":57}},"10":{"start":{"line":16,"column":32},"end":{"line":16,"column":41}},"11":{"start":{"line":17,"column":19},"end":{"line":17,"column":32}},"12":{"start":{"line":18,"column":19},"end":{"line":18,"column":32}},"13":{"start":{"line":20,"column":2},"end":{"line":27,"column":17}},"14":{"start":{"line":21,"column":18},"end":{"line":21,"column":54}},"15":{"start":{"line":22,"column":18},"end":{"line":22,"column":42}},"16":{"start":{"line":23,"column":4},"end":{"line":26,"column":5}},"17":{"start":{"line":24,"column":6},"end":{"line":24,"column":27}},"18":{"start":{"line":25,"column":6},"end":{"line":25,"column":36}},"19":{"start":{"line":29,"column":2},"end":{"line":37,"column":38}},"20":{"start":{"line":30,"column":4},"end":{"line":36,"column":5}},"21":{"start":{"line":31,"column":6},"end":{"line":31,"column":47}},"22":{"start":{"line":32,"column":6},"end":{"line":35,"column":15}},"23":{"start":{"line":33,"column":8},"end":{"line":33,"column":18}},"24":{"start":{"line":34,"column":8},"end":{"line":34,"column":22}},"25":{"start":{"line":39,"column":23},"end":{"line":115,"column":3}},"26":{"start":{"line":40,"column":4},"end":{"line":40,"column":23}},"27":{"start":{"line":41,"column":4},"end":{"line":41,"column":17}},"28":{"start":{"line":42,"column":4},"end":{"line":42,"column":19}},"29":{"start":{"line":44,"column":4},"end":{"line":51,"column":5}},"30":{"start":{"line":45,"column":6},"end":{"line":45,"column":47}},"31":{"start":{"line":46,"column":6},"end":{"line":49,"column":15}},"32":{"start":{"line":47,"column":8},"end":{"line":47,"column":18}},"33":{"start":{"line":48,"column":8},"end":{"line":48,"column":22}},"34":{"start":{"line":50,"column":6},"end":{"line":50,"column":13}},"35":{"start":{"line":53,"column":4},"end":{"line":56,"column":5}},"36":{"start":{"line":54,"column":6},"end":{"line":54,"column":41}},"37":{"start":{"line":55,"column":6},"end":{"line":55,"column":13}},"38":{"start":{"line":58,"column":4},"end":{"line":114,"column":5}},"39":{"start":{"line":61,"column":6},"end":{"line":81,"column":7}},"40":{"start":{"line":63,"column":10},"end":{"line":63,"column":39}},"41":{"start":{"line":64,"column":10},"end":{"line":64,"column":67}},"42":{"start":{"line":65,"column":10},"end":{"line":65,"column":16}},"43":{"start":{"line":67,"column":10},"end":{"line":67,"column":40}},"44":{"start":{"line":68,"column":10},"end":{"line":68,"column":59}},"45":{"start":{"line":69,"column":10},"end":{"line":69,"column":16}},"46":{"start":{"line":71,"column":10},"end":{"line":71,"column":49}},"47":{"start":{"line":72,"column":10},"end":{"line":72,"column":43}},"48":{"start":{"line":73,"column":10},"end":{"line":73,"column":16}},"49":{"start":{"line":75,"column":10},"end":{"line":75,"column":48}},"50":{"start":{"line":76,"column":10},"end":{"line":76,"column":78}},"51":{"start":{"line":78,"column":10},"end":{"line":78,"column":16}},"52":{"start":{"line":80,"column":10},"end":{"line":80,"column":47}},"53":{"start":{"line":83,"column":23},"end":{"line":87,"column":8}},"54":{"start":{"line":89,"column":19},"end":{"line":89,"column":40}},"55":{"start":{"line":91,"column":6},"end":{"line":110,"column":7}},"56":{"start":{"line":92,"column":8},"end":{"line":92,"column":59}},"57":{"start":{"line":93,"column":8},"end":{"line":95,"column":9}},"58":{"start":{"line":94,"column":10},"end":{"line":94,"column":44}},"59":{"start":{"line":96,"column":8},"end":{"line":106,"column":9}},"60":{"start":{"line":97,"column":10},"end":{"line":97,"column":32}},"61":{"start":{"line":98,"column":10},"end":{"line":101,"column":19}},"62":{"start":{"line":99,"column":12},"end":{"line":99,"column":22}},"63":{"start":{"line":100,"column":12},"end":{"line":100,"column":26}},"64":{"start":{"line":102,"column":15},"end":{"line":106,"column":9}},"65":{"start":{"line":103,"column":10},"end":{"line":105,"column":12}},"66":{"start":{"line":107,"column":8},"end":{"line":107,"column":34}},"67":{"start":{"line":109,"column":8},"end":{"line":109,"column":52}},"68":{"start":{"line":112,"column":6},"end":{"line":112,"column":57}},"69":{"start":{"line":113,"column":6},"end":{"line":113,"column":55}},"70":{"start":{"line":117,"column":21},"end":{"line":240,"column":3}},"71":{"start":{"line":118,"column":4},"end":{"line":239,"column":5}},"72":{"start":{"line":120,"column":8},"end":{"line":152,"column":10}},"73":{"start":{"line":121,"column":33},"end":{"line":121,"column":57}},"74":{"start":{"line":126,"column":31},"end":{"line":126,"column":55}},"75":{"start":{"line":134,"column":31},"end":{"line":134,"column":58}},"76":{"start":{"line":143,"column":33},"end":{"line":143,"column":66}},"77":{"start":{"line":154,"column":8},"end":{"line":188,"column":10}},"78":{"start":{"line":155,"column":33},"end":{"line":155,"column":58}},"79":{"start":{"line":160,"column":31},"end":{"line":160,"column":54}},"80":{"start":{"line":168,"column":31},"end":{"line":168,"column":55}},"81":{"start":{"line":176,"column":31},"end":{"line":176,"column":58}},"82":{"start":{"line":190,"column":8},"end":{"line":208,"column":10}},"83":{"start":{"line":191,"column":33},"end":{"line":191,"column":66}},"84":{"start":{"line":196,"column":31},"end":{"line":196,"column":55}},"85":{"start":{"line":210,"column":8},"end":{"line":236,"column":10}},"86":{"start":{"line":211,"column":33},"end":{"line":211,"column":65}},"87":{"start":{"line":216,"column":31},"end":{"line":216,"column":58}},"88":{"start":{"line":224,"column":31},"end":{"line":224,"column":65}},"89":{"start":{"line":238,"column":8},"end":{"line":238,"column":20}},"90":{"start":{"line":242,"column":2},"end":{"line":283,"column":4}},"91":{"start":{"line":248,"column":27},"end":{"line":248,"column":48}},"92":{"start":{"line":255,"column":27},"end":{"line":255,"column":49}},"93":{"start":{"line":264,"column":27},"end":{"line":264,"column":57}}},"fnMap":{"0":{"name":"(anonymous_0)","decl":{"start":{"line":6,"column":17},"end":{"line":6,"column":18}},"loc":{"start":{"line":6,"column":34},"end":{"line":284,"column":1}},"line":6},"1":{"name":"(anonymous_1)","decl":{"start":{"line":20,"column":12},"end":{"line":20,"column":13}},"loc":{"start":{"line":20,"column":18},"end":{"line":27,"column":3}},"line":20},"2":{"name":"(anonymous_2)","decl":{"start":{"line":29,"column":12},"end":{"line":29,"column":13}},"loc":{"start":{"line":29,"column":18},"end":{"line":37,"column":3}},"line":29},"3":{"name":"(anonymous_3)","decl":{"start":{"line":32,"column":17},"end":{"line":32,"column":18}},"loc":{"start":{"line":32,"column":23},"end":{"line":35,"column":7}},"line":32},"4":{"name":"(anonymous_4)","decl":{"start":{"line":39,"column":23},"end":{"line":39,"column":24}},"loc":{"start":{"line":39,"column":42},"end":{"line":115,"column":3}},"line":39},"5":{"name":"(anonymous_5)","decl":{"start":{"line":46,"column":17},"end":{"line":46,"column":18}},"loc":{"start":{"line":46,"column":23},"end":{"line":49,"column":7}},"line":46},"6":{"name":"(anonymous_6)","decl":{"start":{"line":98,"column":21},"end":{"line":98,"column":22}},"loc":{"start":{"line":98,"column":27},"end":{"line":101,"column":11}},"line":98},"7":{"name":"(anonymous_7)","decl":{"start":{"line":117,"column":21},"end":{"line":117,"column":22}},"loc":{"start":{"line":117,"column":27},"end":{"line":240,"column":3}},"line":117},"8":{"name":"(anonymous_8)","decl":{"start":{"line":121,"column":26},"end":{"line":121,"column":27}},"loc":{"start":{"line":121,"column":33},"end":{"line":121,"column":57}},"line":121},"9":{"name":"(anonymous_9)","decl":{"start":{"line":126,"column":24},"end":{"line":126,"column":25}},"loc":{"start":{"line":126,"column":31},"end":{"line":126,"column":55}},"line":126},"10":{"name":"(anonymous_10)","decl":{"start":{"line":134,"column":24},"end":{"line":134,"column":25}},"loc":{"start":{"line":134,"column":31},"end":{"line":134,"column":58}},"line":134},"11":{"name":"(anonymous_11)","decl":{"start":{"line":143,"column":26},"end":{"line":143,"column":27}},"loc":{"start":{"line":143,"column":33},"end":{"line":143,"column":66}},"line":143},"12":{"name":"(anonymous_12)","decl":{"start":{"line":155,"column":26},"end":{"line":155,"column":27}},"loc":{"start":{"line":155,"column":33},"end":{"line":155,"column":58}},"line":155},"13":{"name":"(anonymous_13)","decl":{"start":{"line":160,"column":24},"end":{"line":160,"column":25}},"loc":{"start":{"line":160,"column":31},"end":{"line":160,"column":54}},"line":160},"14":{"name":"(anonymous_14)","decl":{"start":{"line":168,"column":24},"end":{"line":168,"column":25}},"loc":{"start":{"line":168,"column":31},"end":{"line":168,"column":55}},"line":168},"15":{"name":"(anonymous_15)","decl":{"start":{"line":176,"column":24},"end":{"line":176,"column":25}},"loc":{"start":{"line":176,"column":31},"end":{"line":176,"column":58}},"line":176},"16":{"name":"(anonymous_16)","decl":{"start":{"line":191,"column":26},"end":{"line":191,"column":27}},"loc":{"start":{"line":191,"column":33},"end":{"line":191,"column":66}},"line":191},"17":{"name":"(anonymous_17)","decl":{"start":{"line":196,"column":24},"end":{"line":196,"column":25}},"loc":{"start":{"line":196,"column":31},"end":{"line":196,"column":55}},"line":196},"18":{"name":"(anonymous_18)","decl":{"start":{"line":211,"column":26},"end":{"line":211,"column":27}},"loc":{"start":{"line":211,"column":33},"end":{"line":211,"column":65}},"line":211},"19":{"name":"(anonymous_19)","decl":{"start":{"line":216,"column":24},"end":{"line":216,"column":25}},"loc":{"start":{"line":216,"column":31},"end":{"line":216,"column":58}},"line":216},"20":{"name":"(anonymous_20)","decl":{"start":{"line":224,"column":24},"end":{"line":224,"column":25}},"loc":{"start":{"line":224,"column":31},"end":{"line":224,"column":65}},"line":224},"21":{"name":"(anonymous_21)","decl":{"start":{"line":248,"column":21},"end":{"line":248,"column":22}},"loc":{"start":{"line":248,"column":27},"end":{"line":248,"column":48}},"line":248},"22":{"name":"(anonymous_22)","decl":{"start":{"line":255,"column":21},"end":{"line":255,"column":22}},"loc":{"start":{"line":255,"column":27},"end":{"line":255,"column":49}},"line":255},"23":{"name":"(anonymous_23)","decl":{"start":{"line":264,"column":21},"end":{"line":264,"column":22}},"loc":{"start":{"line":264,"column":27},"end":{"line":264,"column":57}},"line":264}},"branchMap":{"0":{"loc":{"start":{"line":23,"column":4},"end":{"line":26,"column":5}},"type":"if","locations":[{"start":{"line":23,"column":4},"end":{"line":26,"column":5}},{"start":{},"end":{}}],"line":23},"1":{"loc":{"start":{"line":30,"column":4},"end":{"line":36,"column":5}},"type":"if","locations":[{"start":{"line":30,"column":4},"end":{"line":36,"column":5}},{"start":{},"end":{}}],"line":30},"2":{"loc":{"start":{"line":44,"column":4},"end":{"line":51,"column":5}},"type":"if","locations":[{"start":{"line":44,"column":4},"end":{"line":51,"column":5}},{"start":{},"end":{}}],"line":44},"3":{"loc":{"start":{"line":44,"column":8},"end":{"line":44,"column":46}},"type":"binary-expr","locations":[{"start":{"line":44,"column":8},"end":{"line":44,"column":18}},{"start":{"line":44,"column":22},"end":{"line":44,"column":46}}],"line":44},"4":{"loc":{"start":{"line":53,"column":4},"end":{"line":56,"column":5}},"type":"if","locations":[{"start":{"line":53,"column":4},"end":{"line":56,"column":5}},{"start":{},"end":{}}],"line":53},"5":{"loc":{"start":{"line":53,"column":8},"end":{"line":53,"column":64}},"type":"binary-expr","locations":[{"start":{"line":53,"column":8},"end":{"line":53,"column":32}},{"start":{"line":53,"column":36},"end":{"line":53,"column":64}}],"line":53},"6":{"loc":{"start":{"line":61,"column":6},"end":{"line":81,"column":7}},"type":"switch","locations":[{"start":{"line":62,"column":8},"end":{"line":65,"column":16}},{"start":{"line":66,"column":8},"end":{"line":69,"column":16}},{"start":{"line":70,"column":8},"end":{"line":73,"column":16}},{"start":{"line":74,"column":8},"end":{"line":78,"column":16}},{"start":{"line":79,"column":8},"end":{"line":80,"column":47}}],"line":61},"7":{"loc":{"start":{"line":91,"column":6},"end":{"line":110,"column":7}},"type":"if","locations":[{"start":{"line":91,"column":6},"end":{"line":110,"column":7}},{"start":{"line":108,"column":13},"end":{"line":110,"column":7}}],"line":91},"8":{"loc":{"start":{"line":92,"column":19},"end":{"line":92,"column":57}},"type":"binary-expr","locations":[{"start":{"line":92,"column":19},"end":{"line":92,"column":31}},{"start":{"line":92,"column":35},"end":{"line":92,"column":57}}],"line":92},"9":{"loc":{"start":{"line":93,"column":8},"end":{"line":95,"column":9}},"type":"if","locations":[{"start":{"line":93,"column":8},"end":{"line":95,"column":9}},{"start":{},"end":{}}],"line":93},"10":{"loc":{"start":{"line":96,"column":8},"end":{"line":106,"column":9}},"type":"if","locations":[{"start":{"line":96,"column":8},"end":{"line":106,"column":9}},{"start":{"line":102,"column":15},"end":{"line":106,"column":9}}],"line":96},"11":{"loc":{"start":{"line":102,"column":15},"end":{"line":106,"column":9}},"type":"if","locations":[{"start":{"line":102,"column":15},"end":{"line":106,"column":9}},{"start":{},"end":{}}],"line":102},"12":{"loc":{"start":{"line":109,"column":17},"end":{"line":109,"column":50}},"type":"binary-expr","locations":[{"start":{"line":109,"column":17},"end":{"line":109,"column":27}},{"start":{"line":109,"column":31},"end":{"line":109,"column":50}}],"line":109},"13":{"loc":{"start":{"line":118,"column":4},"end":{"line":239,"column":5}},"type":"switch","locations":[{"start":{"line":119,"column":6},"end":{"line":152,"column":10}},{"start":{"line":153,"column":6},"end":{"line":188,"column":10}},{"start":{"line":189,"column":6},"end":{"line":208,"column":10}},{"start":{"line":209,"column":6},"end":{"line":236,"column":10}},{"start":{"line":237,"column":6},"end":{"line":238,"column":20}}],"line":118},"14":{"loc":{"start":{"line":247,"column":39},"end":{"line":247,"column":76}},"type":"cond-expr","locations":[{"start":{"line":247,"column":63},"end":{"line":247,"column":71}},{"start":{"line":247,"column":74},"end":{"line":247,"column":76}}],"line":247},"15":{"loc":{"start":{"line":254,"column":39},"end":{"line":254,"column":77}},"type":"cond-expr","locations":[{"start":{"line":254,"column":64},"end":{"line":254,"column":72}},{"start":{"line":254,"column":75},"end":{"line":254,"column":77}}],"line":254},"16":{"loc":{"start":{"line":262,"column":14},"end":{"line":262,"column":60}},"type":"cond-expr","locations":[{"start":{"line":262,"column":47},"end":{"line":262,"column":55}},{"start":{"line":262,"column":58},"end":{"line":262,"column":60}}],"line":262},"17":{"loc":{"start":{"line":271,"column":9},"end":{"line":275,"column":9}},"type":"binary-expr","locations":[{"start":{"line":271,"column":9},"end":{"line":271,"column":14}},{"start":{"line":272,"column":10},"end":{"line":274,"column":16}}],"line":271},"18":{"loc":{"start":{"line":276,"column":9},"end":{"line":280,"column":9}},"type":"binary-expr","locations":[{"start":{"line":276,"column":9},"end":{"line":276,"column":16}},{"start":{"line":277,"column":10},"end":{"line":279,"column":16}}],"line":276}},"s":{"0":2,"1":50,"2":50,"3":50,"4":50,"5":50,"6":50,"7":50,"8":50,"9":50,"10":50,"11":50,"12":50,"13":50,"14":14,"15":14,"16":14,"17":3,"18":3,"19":50,"20":14,"21":1,"22":1,"23":1,"24":1,"25":50,"26":6,"27":6,"28":6,"29":6,"30":0,"31":0,"32":0,"33":0,"34":0,"35":6,"36":1,"37":1,"38":5,"39":5,"40":2,"41":2,"42":2,"43":0,"44":0,"45":0,"46":2,"47":2,"48":2,"49":1,"50":1,"51":1,"52":0,"53":5,"54":5,"55":5,"56":4,"57":4,"58":2,"59":4,"60":1,"61":1,"62":0,"63":0,"64":3,"65":1,"66":4,"67":1,"68":0,"69":0,"70":50,"71":50,"72":28,"73":2,"74":2,"75":2,"76":3,"77":2,"78":0,"79":0,"80":0,"81":0,"82":11,"83":2,"84":2,"85":9,"86":2,"87":2,"88":2,"89":0,"90":50,"91":2,"92":2,"93":5},"f":{"0":50,"1":14,"2":14,"3":1,"4":6,"5":0,"6":0,"7":50,"8":2,"9":2,"10":2,"11":3,"12":0,"13":0,"14":0,"15":0,"16":2,"17":2,"18":2,"19":2,"20":2,"21":2,"22":2,"23":5},"b":{"0":[3,11],"1":[1,13],"2":[0,6],"3":[6,0],"4":[1,5],"5":[6,2],"6":[2,0,2,1,0],"7":[4,1],"8":[4,0],"9":[2,2],"10":[1,3],"11":[1,2],"12":[1,0],"13":[28,2,11,9,0],"14":[28,22],"15":[2,48],"16":[11,39],"17":[50,2],"18":[50,4]},"_coverageSchema":"1a1c01bbd47fc00a2c39e90264f33305004495a9","hash":"6e28dcd68b9646698dcd253f5e04645b0b26801b"}
,"/Users/bryanowens/Code/Websites/Tunes/react-tunes/client/src/components/ChordDetail.jsx": {"path":"/Users/bryanowens/Code/Websites/Tunes/react-tunes/client/src/components/ChordDetail.jsx","statementMap":{"0":{"start":{"line":8,"column":20},"end":{"line":71,"column":1}},"1":{"start":{"line":9,"column":26},"end":{"line":9,"column":40}},"2":{"start":{"line":10,"column":28},"end":{"line":10,"column":42}},"3":{"start":{"line":11,"column":17},"end":{"line":11,"column":28}},"4":{"start":{"line":13,"column":2},"end":{"line":29,"column":11}},"5":{"start":{"line":14,"column":23},"end":{"line":26,"column":5}},"6":{"start":{"line":15,"column":6},"end":{"line":25,"column":7}},"7":{"start":{"line":16,"column":25},"end":{"line":16,"column":70}},"8":{"start":{"line":17,"column":8},"end":{"line":19,"column":9}},"9":{"start":{"line":18,"column":10},"end":{"line":18,"column":55}},"10":{"start":{"line":20,"column":21},"end":{"line":20,"column":42}},"11":{"start":{"line":21,"column":8},"end":{"line":21,"column":22}},"12":{"start":{"line":23,"column":8},"end":{"line":23,"column":51}},"13":{"start":{"line":24,"column":8},"end":{"line":24,"column":30}},"14":{"start":{"line":28,"column":4},"end":{"line":28,"column":17}},"15":{"start":{"line":31,"column":2},"end":{"line":31,"column":46}},"16":{"start":{"line":31,"column":13},"end":{"line":31,"column":46}},"17":{"start":{"line":32,"column":2},"end":{"line":32,"column":42}},"18":{"start":{"line":32,"column":13},"end":{"line":32,"column":42}},"19":{"start":{"line":34,"column":2},"end":{"line":70,"column":4}}},"fnMap":{"0":{"name":"(anonymous_0)","decl":{"start":{"line":8,"column":20},"end":{"line":8,"column":21}},"loc":{"start":{"line":8,"column":26},"end":{"line":71,"column":1}},"line":8},"1":{"name":"(anonymous_1)","decl":{"start":{"line":13,"column":12},"end":{"line":13,"column":13}},"loc":{"start":{"line":13,"column":18},"end":{"line":29,"column":3}},"line":13},"2":{"name":"(anonymous_2)","decl":{"start":{"line":14,"column":23},"end":{"line":14,"column":24}},"loc":{"start":{"line":14,"column":35},"end":{"line":26,"column":5}},"line":14}},"branchMap":{"0":{"loc":{"start":{"line":17,"column":8},"end":{"line":19,"column":9}},"type":"if","locations":[{"start":{"line":17,"column":8},"end":{"line":19,"column":9}},{"start":{},"end":{}}],"line":17},"1":{"loc":{"start":{"line":31,"column":2},"end":{"line":31,"column":46}},"type":"if","locations":[{"start":{"line":31,"column":2},"end":{"line":31,"column":46}},{"start":{},"end":{}}],"line":31},"2":{"loc":{"start":{"line":32,"column":2},"end":{"line":32,"column":42}},"type":"if","locations":[{"start":{"line":32,"column":2},"end":{"line":32,"column":42}},{"start":{},"end":{}}],"line":32},"3":{"loc":{"start":{"line":38,"column":22},"end":{"line":38,"column":75}},"type":"cond-expr","locations":[{"start":{"line":38,"column":47},"end":{"line":38,"column":70}},{"start":{"line":38,"column":73},"end":{"line":38,"column":75}}],"line":38},"4":{"loc":{"start":{"line":42,"column":9},"end":{"line":52,"column":9}},"type":"cond-expr","locations":[{"start":{"line":43,"column":10},"end":{"line":49,"column":16}},{"start":{"line":51,"column":10},"end":{"line":51,"column":58}}],"line":42},"5":{"loc":{"start":{"line":56,"column":11},"end":{"line":58,"column":11}},"type":"binary-expr","locations":[{"start":{"line":56,"column":11},"end":{"line":56,"column":30}},{"start":{"line":57,"column":12},"end":{"line":57,"column":64}}],"line":56},"6":{"loc":{"start":{"line":61,"column":11},"end":{"line":63,"column":11}},"type":"binary-expr","locations":[{"start":{"line":61,"column":11},"end":{"line":61,"column":30}},{"start":{"line":62,"column":12},"end":{"line":62,"column":71}}],"line":61},"7":{"loc":{"start":{"line":64,"column":11},"end":{"line":66,"column":11}},"type":"binary-expr","locations":[{"start":{"line":64,"column":11},"end":{"line":64,"column":30}},{"start":{"line":65,"column":12},"end":{"line":65,"column":66}}],"line":64}},"s":{"0":1,"1":12,"2":12,"3":12,"4":12,"5":7,"6":7,"7":7,"8":5,"9":0,"10":5,"11":5,"12":1,"13":1,"14":7,"15":12,"16":1,"17":11,"18":7,"19":4},"f":{"0":12,"1":7,"2":7},"b":{"0":[0,5],"1":[1,11],"2":[7,4],"3":[4,0],"4":[3,1],"5":[4,4],"6":[4,4],"7":[4,4]},"_coverageSchema":"1a1c01bbd47fc00a2c39e90264f33305004495a9","hash":"4e767cbac5935e9c744ab66833a526a8966952e3"}
,"/Users/bryanowens/Code/Websites/Tunes/react-tunes/client/src/components/ChordList.jsx": {"path":"/Users/bryanowens/Code/Websites/Tunes/react-tunes/client/src/components/ChordList.jsx","statementMap":{"0":{"start":{"line":8,"column":20},"end":{"line":8,"column":60}},"1":{"start":{"line":10,"column":18},"end":{"line":90,"column":1}},"2":{"start":{"line":11,"column":28},"end":{"line":11,"column":40}},"3":{"start":{"line":12,"column":28},"end":{"line":12,"column":42}},"4":{"start":{"line":13,"column":36},"end":{"line":13,"column":50}},"5":{"start":{"line":14,"column":46},"end":{"line":14,"column":60}},"6":{"start":{"line":15,"column":25},"end":{"line":15,"column":34}},"7":{"start":{"line":17,"column":2},"end":{"line":36,"column":9}},"8":{"start":{"line":18,"column":24},"end":{"line":33,"column":5}},"9":{"start":{"line":19,"column":6},"end":{"line":32,"column":7}},"10":{"start":{"line":20,"column":25},"end":{"line":20,"column":68}},"11":{"start":{"line":21,"column":8},"end":{"line":23,"column":9}},"12":{"start":{"line":22,"column":10},"end":{"line":22,"column":55}},"13":{"start":{"line":24,"column":21},"end":{"line":24,"column":42}},"14":{"start":{"line":25,"column":32},"end":{"line":25,"column":69}},"15":{"start":{"line":25,"column":54},"end":{"line":25,"column":68}},"16":{"start":{"line":26,"column":8},"end":{"line":26,"column":34}},"17":{"start":{"line":28,"column":8},"end":{"line":28,"column":52}},"18":{"start":{"line":29,"column":8},"end":{"line":29,"column":30}},"19":{"start":{"line":31,"column":8},"end":{"line":31,"column":28}},"20":{"start":{"line":35,"column":4},"end":{"line":35,"column":18}},"21":{"start":{"line":38,"column":27},"end":{"line":48,"column":3}},"22":{"start":{"line":39,"column":4},"end":{"line":39,"column":23}},"23":{"start":{"line":40,"column":4},"end":{"line":45,"column":5}},"24":{"start":{"line":41,"column":6},"end":{"line":41,"column":32}},"25":{"start":{"line":43,"column":6},"end":{"line":43,"column":54}},"26":{"start":{"line":43,"column":23},"end":{"line":43,"column":46}},"27":{"start":{"line":44,"column":6},"end":{"line":44,"column":13}},"28":{"start":{"line":47,"column":4},"end":{"line":47,"column":47}},"29":{"start":{"line":50,"column":2},"end":{"line":52,"column":3}},"30":{"start":{"line":51,"column":4},"end":{"line":51,"column":65}},"31":{"start":{"line":54,"column":2},"end":{"line":56,"column":3}},"32":{"start":{"line":55,"column":4},"end":{"line":55,"column":65}},"33":{"start":{"line":58,"column":2},"end":{"line":60,"column":3}},"34":{"start":{"line":59,"column":4},"end":{"line":59,"column":72}},"35":{"start":{"line":62,"column":22},"end":{"line":62,"column":38}},"36":{"start":{"line":64,"column":2},"end":{"line":89,"column":4}},"37":{"start":{"line":74,"column":12},"end":{"line":84,"column":17}},"38":{"start":{"line":77,"column":32},"end":{"line":77,"column":60}}},"fnMap":{"0":{"name":"(anonymous_0)","decl":{"start":{"line":10,"column":18},"end":{"line":10,"column":19}},"loc":{"start":{"line":10,"column":24},"end":{"line":90,"column":1}},"line":10},"1":{"name":"(anonymous_1)","decl":{"start":{"line":17,"column":12},"end":{"line":17,"column":13}},"loc":{"start":{"line":17,"column":18},"end":{"line":36,"column":3}},"line":17},"2":{"name":"(anonymous_2)","decl":{"start":{"line":18,"column":24},"end":{"line":18,"column":25}},"loc":{"start":{"line":18,"column":36},"end":{"line":33,"column":5}},"line":18},"3":{"name":"(anonymous_3)","decl":{"start":{"line":25,"column":44},"end":{"line":25,"column":45}},"loc":{"start":{"line":25,"column":54},"end":{"line":25,"column":68}},"line":25},"4":{"name":"(anonymous_4)","decl":{"start":{"line":38,"column":27},"end":{"line":38,"column":28}},"loc":{"start":{"line":38,"column":42},"end":{"line":48,"column":3}},"line":38},"5":{"name":"(anonymous_5)","decl":{"start":{"line":43,"column":17},"end":{"line":43,"column":18}},"loc":{"start":{"line":43,"column":23},"end":{"line":43,"column":46}},"line":43},"6":{"name":"(anonymous_6)","decl":{"start":{"line":73,"column":27},"end":{"line":73,"column":28}},"loc":{"start":{"line":74,"column":12},"end":{"line":84,"column":17}},"line":74},"7":{"name":"(anonymous_7)","decl":{"start":{"line":77,"column":25},"end":{"line":77,"column":26}},"loc":{"start":{"line":77,"column":32},"end":{"line":77,"column":60}},"line":77}},"branchMap":{"0":{"loc":{"start":{"line":21,"column":8},"end":{"line":23,"column":9}},"type":"if","locations":[{"start":{"line":21,"column":8},"end":{"line":23,"column":9}},{"start":{},"end":{}}],"line":21},"1":{"loc":{"start":{"line":40,"column":4},"end":{"line":45,"column":5}},"type":"if","locations":[{"start":{"line":40,"column":4},"end":{"line":45,"column":5}},{"start":{},"end":{}}],"line":40},"2":{"loc":{"start":{"line":50,"column":2},"end":{"line":52,"column":3}},"type":"if","locations":[{"start":{"line":50,"column":2},"end":{"line":52,"column":3}},{"start":{},"end":{}}],"line":50},"3":{"loc":{"start":{"line":54,"column":2},"end":{"line":56,"column":3}},"type":"if","locations":[{"start":{"line":54,"column":2},"end":{"line":56,"column":3}},{"start":{},"end":{}}],"line":54},"4":{"loc":{"start":{"line":58,"column":2},"end":{"line":60,"column":3}},"type":"if","locations":[{"start":{"line":58,"column":2},"end":{"line":60,"column":3}},{"start":{},"end":{}}],"line":58},"5":{"loc":{"start":{"line":58,"column":6},"end":{"line":58,"column":34}},"type":"binary-expr","locations":[{"start":{"line":58,"column":6},"end":{"line":58,"column":12}},{"start":{"line":58,"column":16},"end":{"line":58,"column":34}}],"line":58},"6":{"loc":{"start":{"line":81,"column":15},"end":{"line":83,"column":15}},"type":"binary-expr","locations":[{"start":{"line":81,"column":15},"end":{"line":81,"column":26}},{"start":{"line":81,"column":30},"end":{"line":81,"column":56}},{"start":{"line":82,"column":16},"end":{"line":82,"column":72}}],"line":81}},"s":{"0":1,"1":1,"2":31,"3":31,"4":31,"5":31,"6":31,"7":31,"8":13,"9":13,"10":13,"11":11,"12":0,"13":11,"14":11,"15":23,"16":11,"17":1,"18":1,"19":12,"20":13,"21":31,"22":4,"23":4,"24":3,"25":3,"26":1,"27":3,"28":1,"29":31,"30":13,"31":18,"32":1,"33":17,"34":1,"35":16,"36":16,"37":32,"38":4},"f":{"0":31,"1":13,"2":13,"3":23,"4":4,"5":1,"6":32,"7":4},"b":{"0":[0,11],"1":[3,1],"2":[13,18],"3":[1,17],"4":[1,16],"5":[17,17],"6":[32,18,3]},"_coverageSchema":"1a1c01bbd47fc00a2c39e90264f33305004495a9","hash":"6e7ed225d3e25274ce11055ba172182cf959c245"}
,"/Users/bryanowens/Code/Websites/Tunes/react-tunes/client/src/components/ForgotPasswordForm.jsx": {"path":"/Users/bryanowens/Code/Websites/Tunes/react-tunes/client/src/components/ForgotPasswordForm.jsx","statementMap":{"0":{"start":{"line":4,"column":27},"end":{"line":72,"column":1}},"1":{"start":{"line":5,"column":28},"end":{"line":5,"column":40}},"2":{"start":{"line":6,"column":28},"end":{"line":6,"column":40}},"3":{"start":{"line":7,"column":32},"end":{"line":7,"column":44}},"4":{"start":{"line":9,"column":23},"end":{"line":37,"column":3}},"5":{"start":{"line":10,"column":4},"end":{"line":10,"column":23}},"6":{"start":{"line":11,"column":4},"end":{"line":11,"column":17}},"7":{"start":{"line":12,"column":4},"end":{"line":12,"column":19}},"8":{"start":{"line":14,"column":4},"end":{"line":17,"column":5}},"9":{"start":{"line":15,"column":6},"end":{"line":15,"column":42}},"10":{"start":{"line":16,"column":6},"end":{"line":16,"column":13}},"11":{"start":{"line":19,"column":4},"end":{"line":36,"column":5}},"12":{"start":{"line":20,"column":23},"end":{"line":24,"column":8}},"13":{"start":{"line":26,"column":6},"end":{"line":28,"column":7}},"14":{"start":{"line":27,"column":8},"end":{"line":27,"column":45}},"15":{"start":{"line":30,"column":19},"end":{"line":30,"column":40}},"16":{"start":{"line":31,"column":6},"end":{"line":31,"column":62}},"17":{"start":{"line":32,"column":6},"end":{"line":32,"column":32}},"18":{"start":{"line":34,"column":6},"end":{"line":34,"column":68}},"19":{"start":{"line":35,"column":6},"end":{"line":35,"column":55}},"20":{"start":{"line":39,"column":2},"end":{"line":71,"column":4}},"21":{"start":{"line":47,"column":29},"end":{"line":47,"column":53}}},"fnMap":{"0":{"name":"(anonymous_0)","decl":{"start":{"line":4,"column":27},"end":{"line":4,"column":28}},"loc":{"start":{"line":4,"column":44},"end":{"line":72,"column":1}},"line":4},"1":{"name":"(anonymous_1)","decl":{"start":{"line":9,"column":23},"end":{"line":9,"column":24}},"loc":{"start":{"line":9,"column":36},"end":{"line":37,"column":3}},"line":9},"2":{"name":"(anonymous_2)","decl":{"start":{"line":47,"column":22},"end":{"line":47,"column":23}},"loc":{"start":{"line":47,"column":29},"end":{"line":47,"column":53}},"line":47}},"branchMap":{"0":{"loc":{"start":{"line":14,"column":4},"end":{"line":17,"column":5}},"type":"if","locations":[{"start":{"line":14,"column":4},"end":{"line":17,"column":5}},{"start":{},"end":{}}],"line":14},"1":{"loc":{"start":{"line":26,"column":6},"end":{"line":28,"column":7}},"type":"if","locations":[{"start":{"line":26,"column":6},"end":{"line":28,"column":7}},{"start":{},"end":{}}],"line":26},"2":{"loc":{"start":{"line":31,"column":17},"end":{"line":31,"column":60}},"type":"binary-expr","locations":[{"start":{"line":31,"column":17},"end":{"line":31,"column":29}},{"start":{"line":31,"column":33},"end":{"line":31,"column":60}}],"line":31},"3":{"loc":{"start":{"line":59,"column":9},"end":{"line":63,"column":9}},"type":"binary-expr","locations":[{"start":{"line":59,"column":9},"end":{"line":59,"column":14}},{"start":{"line":60,"column":10},"end":{"line":62,"column":16}}],"line":59},"4":{"loc":{"start":{"line":64,"column":9},"end":{"line":68,"column":9}},"type":"binary-expr","locations":[{"start":{"line":64,"column":9},"end":{"line":64,"column":16}},{"start":{"line":65,"column":10},"end":{"line":67,"column":16}}],"line":64}},"s":{"0":1,"1":10,"2":10,"3":10,"4":10,"5":2,"6":2,"7":2,"8":2,"9":0,"10":0,"11":2,"12":2,"13":2,"14":1,"15":1,"16":1,"17":1,"18":1,"19":1,"20":10,"21":2},"f":{"0":10,"1":2,"2":2},"b":{"0":[0,2],"1":[1,1],"2":[1,0],"3":[10,1],"4":[10,1]},"_coverageSchema":"1a1c01bbd47fc00a2c39e90264f33305004495a9","hash":"b31009729e3bb268e6e90bace527357e132d36be"}
,"/Users/bryanowens/Code/Websites/Tunes/react-tunes/client/src/components/Header.jsx": {"path":"/Users/bryanowens/Code/Websites/Tunes/react-tunes/client/src/components/Header.jsx","statementMap":{"0":{"start":{"line":6,"column":15},"end":{"line":19,"column":1}},"1":{"start":{"line":7,"column":33},"end":{"line":7,"column":42}},"2":{"start":{"line":9,"column":2},"end":{"line":18,"column":4}}},"fnMap":{"0":{"name":"(anonymous_0)","decl":{"start":{"line":6,"column":15},"end":{"line":6,"column":16}},"loc":{"start":{"line":6,"column":39},"end":{"line":19,"column":1}},"line":6}},"branchMap":{"0":{"loc":{"start":{"line":6,"column":18},"end":{"line":6,"column":32}},"type":"default-arg","locations":[{"start":{"line":6,"column":28},"end":{"line":6,"column":32}}],"line":6},"1":{"loc":{"start":{"line":10,"column":30},"end":{"line":10,"column":59}},"type":"cond-expr","locations":[{"start":{"line":10,"column":40},"end":{"line":10,"column":54}},{"start":{"line":10,"column":57},"end":{"line":10,"column":59}}],"line":10}},"s":{"0":1,"1":5,"2":5},"f":{"0":5},"b":{"0":[3],"1":[4,1]},"_coverageSchema":"1a1c01bbd47fc00a2c39e90264f33305004495a9","hash":"3e8013e7da4c42f180a49507a8db7344c83a5287"}
,"/Users/bryanowens/Code/Websites/Tunes/react-tunes/client/src/components/Home.jsx": {"path":"/Users/bryanowens/Code/Websites/Tunes/react-tunes/client/src/components/Home.jsx","statementMap":{"0":{"start":{"line":5,"column":20},"end":{"line":5,"column":60}},"1":{"start":{"line":7,"column":13},"end":{"line":31,"column":1}},"2":{"start":{"line":8,"column":2},"end":{"line":30,"column":4}}},"fnMap":{"0":{"name":"(anonymous_0)","decl":{"start":{"line":7,"column":13},"end":{"line":7,"column":14}},"loc":{"start":{"line":7,"column":19},"end":{"line":31,"column":1}},"line":7}},"branchMap":{},"s":{"0":1,"1":1,"2":3},"f":{"0":3},"b":{},"_coverageSchema":"1a1c01bbd47fc00a2c39e90264f33305004495a9","hash":"ae80af52014ea6607e48982fcf8b2d7e91ee4c7f"}
,"/Users/bryanowens/Code/Websites/Tunes/react-tunes/client/src/components/LoginForm.jsx": {"path":"/Users/bryanowens/Code/Websites/Tunes/react-tunes/client/src/components/LoginForm.jsx","statementMap":{"0":{"start":{"line":6,"column":18},"end":{"line":95,"column":1}},"1":{"start":{"line":7,"column":28},"end":{"line":7,"column":40}},"2":{"start":{"line":8,"column":34},"end":{"line":8,"column":46}},"3":{"start":{"line":9,"column":28},"end":{"line":9,"column":40}},"4":{"start":{"line":10,"column":42},"end":{"line":10,"column":57}},"5":{"start":{"line":11,"column":19},"end":{"line":11,"column":32}},"6":{"start":{"line":12,"column":20},"end":{"line":12,"column":29}},"7":{"start":{"line":14,"column":23},"end":{"line":52,"column":3}},"8":{"start":{"line":15,"column":4},"end":{"line":15,"column":23}},"9":{"start":{"line":16,"column":4},"end":{"line":16,"column":17}},"10":{"start":{"line":17,"column":4},"end":{"line":17,"column":26}},"11":{"start":{"line":19,"column":4},"end":{"line":51,"column":5}},"12":{"start":{"line":20,"column":6},"end":{"line":26,"column":7}},"13":{"start":{"line":21,"column":8},"end":{"line":21,"column":64}},"14":{"start":{"line":22,"column":13},"end":{"line":26,"column":7}},"15":{"start":{"line":23,"column":8},"end":{"line":23,"column":46}},"16":{"start":{"line":24,"column":13},"end":{"line":26,"column":7}},"17":{"start":{"line":25,"column":8},"end":{"line":25,"column":49}},"18":{"start":{"line":28,"column":23},"end":{"line":34,"column":8}},"19":{"start":{"line":36,"column":19},"end":{"line":36,"column":40}},"20":{"start":{"line":38,"column":6},"end":{"line":40,"column":7}},"21":{"start":{"line":39,"column":8},"end":{"line":39,"column":56}},"22":{"start":{"line":44,"column":6},"end":{"line":44,"column":24}},"23":{"start":{"line":45,"column":6},"end":{"line":45,"column":20}},"24":{"start":{"line":47,"column":6},"end":{"line":47,"column":41}},"25":{"start":{"line":48,"column":6},"end":{"line":48,"column":70}},"26":{"start":{"line":50,"column":6},"end":{"line":50,"column":29}},"27":{"start":{"line":54,"column":2},"end":{"line":94,"column":4}},"28":{"start":{"line":64,"column":29},"end":{"line":64,"column":53}},"29":{"start":{"line":75,"column":29},"end":{"line":75,"column":56}}},"fnMap":{"0":{"name":"(anonymous_0)","decl":{"start":{"line":6,"column":18},"end":{"line":6,"column":19}},"loc":{"start":{"line":6,"column":24},"end":{"line":95,"column":1}},"line":6},"1":{"name":"(anonymous_1)","decl":{"start":{"line":14,"column":23},"end":{"line":14,"column":24}},"loc":{"start":{"line":14,"column":36},"end":{"line":52,"column":3}},"line":14},"2":{"name":"(anonymous_2)","decl":{"start":{"line":64,"column":22},"end":{"line":64,"column":23}},"loc":{"start":{"line":64,"column":29},"end":{"line":64,"column":53}},"line":64},"3":{"name":"(anonymous_3)","decl":{"start":{"line":75,"column":22},"end":{"line":75,"column":23}},"loc":{"start":{"line":75,"column":29},"end":{"line":75,"column":56}},"line":75}},"branchMap":{"0":{"loc":{"start":{"line":20,"column":6},"end":{"line":26,"column":7}},"type":"if","locations":[{"start":{"line":20,"column":6},"end":{"line":26,"column":7}},{"start":{"line":22,"column":13},"end":{"line":26,"column":7}}],"line":20},"1":{"loc":{"start":{"line":20,"column":10},"end":{"line":20,"column":29}},"type":"binary-expr","locations":[{"start":{"line":20,"column":10},"end":{"line":20,"column":16}},{"start":{"line":20,"column":20},"end":{"line":20,"column":29}}],"line":20},"2":{"loc":{"start":{"line":22,"column":13},"end":{"line":26,"column":7}},"type":"if","locations":[{"start":{"line":22,"column":13},"end":{"line":26,"column":7}},{"start":{"line":24,"column":13},"end":{"line":26,"column":7}}],"line":22},"3":{"loc":{"start":{"line":24,"column":13},"end":{"line":26,"column":7}},"type":"if","locations":[{"start":{"line":24,"column":13},"end":{"line":26,"column":7}},{"start":{},"end":{}}],"line":24},"4":{"loc":{"start":{"line":38,"column":6},"end":{"line":40,"column":7}},"type":"if","locations":[{"start":{"line":38,"column":6},"end":{"line":40,"column":7}},{"start":{},"end":{}}],"line":38},"5":{"loc":{"start":{"line":39,"column":24},"end":{"line":39,"column":54}},"type":"binary-expr","locations":[{"start":{"line":39,"column":24},"end":{"line":39,"column":36}},{"start":{"line":39,"column":40},"end":{"line":39,"column":54}}],"line":39},"6":{"loc":{"start":{"line":48,"column":15},"end":{"line":48,"column":68}},"type":"binary-expr","locations":[{"start":{"line":48,"column":15},"end":{"line":48,"column":26}},{"start":{"line":48,"column":30},"end":{"line":48,"column":68}}],"line":48},"7":{"loc":{"start":{"line":80,"column":9},"end":{"line":84,"column":9}},"type":"binary-expr","locations":[{"start":{"line":80,"column":9},"end":{"line":80,"column":14}},{"start":{"line":81,"column":10},"end":{"line":83,"column":14}}],"line":80},"8":{"loc":{"start":{"line":90,"column":11},"end":{"line":90,"column":52}},"type":"cond-expr","locations":[{"start":{"line":90,"column":26},"end":{"line":90,"column":41}},{"start":{"line":90,"column":44},"end":{"line":90,"column":52}}],"line":90}},"s":{"0":1,"1":22,"2":22,"3":22,"4":22,"5":22,"6":22,"7":22,"8":5,"9":5,"10":5,"11":5,"12":5,"13":1,"14":4,"15":1,"16":3,"17":1,"18":2,"19":2,"20":2,"21":0,"22":2,"23":0,"24":5,"25":5,"26":5,"27":22,"28":4,"29":4},"f":{"0":22,"1":5,"2":4,"3":4},"b":{"0":[1,4],"1":[5,2],"2":[1,3],"3":[1,2],"4":[0,2],"5":[0,0],"6":[5,0],"7":[22,4],"8":[2,20]},"_coverageSchema":"1a1c01bbd47fc00a2c39e90264f33305004495a9","hash":"fce0e9bf6d1c7b0f677dea5d1e4a2962309993d6"}
,"/Users/bryanowens/Code/Websites/Tunes/react-tunes/client/src/components/Navigation.jsx": {"path":"/Users/bryanowens/Code/Websites/Tunes/react-tunes/client/src/components/Navigation.jsx","statementMap":{"0":{"start":{"line":6,"column":19},"end":{"line":30,"column":1}},"1":{"start":{"line":7,"column":2},"end":{"line":29,"column":4}}},"fnMap":{"0":{"name":"(anonymous_0)","decl":{"start":{"line":6,"column":19},"end":{"line":6,"column":20}},"loc":{"start":{"line":6,"column":25},"end":{"line":30,"column":1}},"line":6}},"branchMap":{},"s":{"0":1,"1":3},"f":{"0":3},"b":{},"_coverageSchema":"1a1c01bbd47fc00a2c39e90264f33305004495a9","hash":"0ec15ed8b4074e4b87f28b275773bed7c8130724"}
,"/Users/bryanowens/Code/Websites/Tunes/react-tunes/client/src/components/Resources.jsx": {"path":"/Users/bryanowens/Code/Websites/Tunes/react-tunes/client/src/components/Resources.jsx","statementMap":{"0":{"start":{"line":5,"column":20},"end":{"line":5,"column":60}},"1":{"start":{"line":8,"column":2},"end":{"line":129,"column":4}}},"fnMap":{"0":{"name":"Resources","decl":{"start":{"line":7,"column":9},"end":{"line":7,"column":18}},"loc":{"start":{"line":7,"column":21},"end":{"line":130,"column":1}},"line":7}},"branchMap":{},"s":{"0":1,"1":3},"f":{"0":3},"b":{},"_coverageSchema":"1a1c01bbd47fc00a2c39e90264f33305004495a9","hash":"886b660626f0247f5358a6a980324b7164522a4b"}
,"/Users/bryanowens/Code/Websites/Tunes/react-tunes/client/src/components/SignupForm.jsx": {"path":"/Users/bryanowens/Code/Websites/Tunes/react-tunes/client/src/components/SignupForm.jsx","statementMap":{"0":{"start":{"line":5,"column":19},"end":{"line":90,"column":1}},"1":{"start":{"line":6,"column":34},"end":{"line":6,"column":46}},"2":{"start":{"line":7,"column":28},"end":{"line":7,"column":40}},"3":{"start":{"line":8,"column":34},"end":{"line":8,"column":46}},"4":{"start":{"line":9,"column":28},"end":{"line":9,"column":40}},"5":{"start":{"line":10,"column":42},"end":{"line":10,"column":57}},"6":{"start":{"line":11,"column":19},"end":{"line":11,"column":32}},"7":{"start":{"line":13,"column":23},"end":{"line":45,"column":3}},"8":{"start":{"line":14,"column":4},"end":{"line":14,"column":23}},"9":{"start":{"line":15,"column":4},"end":{"line":15,"column":17}},"10":{"start":{"line":17,"column":4},"end":{"line":20,"column":5}},"11":{"start":{"line":18,"column":6},"end":{"line":18,"column":42}},"12":{"start":{"line":19,"column":6},"end":{"line":19,"column":13}},"13":{"start":{"line":22,"column":4},"end":{"line":22,"column":26}},"14":{"start":{"line":24,"column":4},"end":{"line":44,"column":5}},"15":{"start":{"line":25,"column":23},"end":{"line":31,"column":8}},"16":{"start":{"line":33,"column":19},"end":{"line":33,"column":40}},"17":{"start":{"line":34,"column":6},"end":{"line":36,"column":7}},"18":{"start":{"line":35,"column":8},"end":{"line":35,"column":55}},"19":{"start":{"line":38,"column":6},"end":{"line":38,"column":48}},"20":{"start":{"line":39,"column":6},"end":{"line":39,"column":20}},"21":{"start":{"line":41,"column":6},"end":{"line":41,"column":28}},"22":{"start":{"line":43,"column":6},"end":{"line":43,"column":29}},"23":{"start":{"line":47,"column":2},"end":{"line":89,"column":4}},"24":{"start":{"line":57,"column":29},"end":{"line":57,"column":56}},"25":{"start":{"line":67,"column":29},"end":{"line":67,"column":53}},"26":{"start":{"line":77,"column":29},"end":{"line":77,"column":56}}},"fnMap":{"0":{"name":"(anonymous_0)","decl":{"start":{"line":5,"column":19},"end":{"line":5,"column":20}},"loc":{"start":{"line":5,"column":25},"end":{"line":90,"column":1}},"line":5},"1":{"name":"(anonymous_1)","decl":{"start":{"line":13,"column":23},"end":{"line":13,"column":24}},"loc":{"start":{"line":13,"column":36},"end":{"line":45,"column":3}},"line":13},"2":{"name":"(anonymous_2)","decl":{"start":{"line":57,"column":22},"end":{"line":57,"column":23}},"loc":{"start":{"line":57,"column":29},"end":{"line":57,"column":56}},"line":57},"3":{"name":"(anonymous_3)","decl":{"start":{"line":67,"column":22},"end":{"line":67,"column":23}},"loc":{"start":{"line":67,"column":29},"end":{"line":67,"column":53}},"line":67},"4":{"name":"(anonymous_4)","decl":{"start":{"line":77,"column":22},"end":{"line":77,"column":23}},"loc":{"start":{"line":77,"column":29},"end":{"line":77,"column":56}},"line":77}},"branchMap":{"0":{"loc":{"start":{"line":17,"column":4},"end":{"line":20,"column":5}},"type":"if","locations":[{"start":{"line":17,"column":4},"end":{"line":20,"column":5}},{"start":{},"end":{}}],"line":17},"1":{"loc":{"start":{"line":17,"column":8},"end":{"line":17,"column":40}},"type":"binary-expr","locations":[{"start":{"line":17,"column":8},"end":{"line":17,"column":17}},{"start":{"line":17,"column":21},"end":{"line":17,"column":27}},{"start":{"line":17,"column":31},"end":{"line":17,"column":40}}],"line":17},"2":{"loc":{"start":{"line":34,"column":6},"end":{"line":36,"column":7}},"type":"if","locations":[{"start":{"line":34,"column":6},"end":{"line":36,"column":7}},{"start":{},"end":{}}],"line":34},"3":{"loc":{"start":{"line":35,"column":24},"end":{"line":35,"column":53}},"type":"binary-expr","locations":[{"start":{"line":35,"column":24},"end":{"line":35,"column":34}},{"start":{"line":35,"column":38},"end":{"line":35,"column":53}}],"line":35},"4":{"loc":{"start":{"line":85,"column":11},"end":{"line":85,"column":53}},"type":"cond-expr","locations":[{"start":{"line":85,"column":26},"end":{"line":85,"column":41}},{"start":{"line":85,"column":44},"end":{"line":85,"column":53}}],"line":85}},"s":{"0":1,"1":32,"2":32,"3":32,"4":32,"5":32,"6":32,"7":32,"8":5,"9":5,"10":5,"11":1,"12":1,"13":4,"14":4,"15":4,"16":3,"17":3,"18":1,"19":2,"20":2,"21":2,"22":4,"23":32,"24":5,"25":5,"26":5},"f":{"0":32,"1":5,"2":5,"3":5,"4":5},"b":{"0":[1,4],"1":[5,4,4],"2":[1,2],"3":[1,0],"4":[4,28]},"_coverageSchema":"1a1c01bbd47fc00a2c39e90264f33305004495a9","hash":"3af423ac7ba3499f66f31a300885eadfa4698614"}
,"/Users/bryanowens/Code/Websites/Tunes/react-tunes/client/src/components/SpotifyMusicPlayer.jsx": {"path":"/Users/bryanowens/Code/Websites/Tunes/react-tunes/client/src/components/SpotifyMusicPlayer.jsx","statementMap":{"0":{"start":{"line":3,"column":27},"end":{"line":21,"column":1}},"1":{"start":{"line":5,"column":2},"end":{"line":9,"column":3}},"2":{"start":{"line":6,"column":4},"end":{"line":6,"column":78}},"3":{"start":{"line":8,"column":4},"end":{"line":8,"column":72}},"4":{"start":{"line":11,"column":2},"end":{"line":20,"column":4}}},"fnMap":{"0":{"name":"(anonymous_0)","decl":{"start":{"line":3,"column":27},"end":{"line":3,"column":28}},"loc":{"start":{"line":3,"column":70},"end":{"line":21,"column":1}},"line":3}},"branchMap":{"0":{"loc":{"start":{"line":5,"column":2},"end":{"line":9,"column":3}},"type":"if","locations":[{"start":{"line":5,"column":2},"end":{"line":9,"column":3}},{"start":{"line":7,"column":9},"end":{"line":9,"column":3}}],"line":5}},"s":{"0":1,"1":6,"2":2,"3":4,"4":6},"f":{"0":6},"b":{"0":[2,4]},"_coverageSchema":"1a1c01bbd47fc00a2c39e90264f33305004495a9","hash":"0aabb7d8f33c557a0e04e24faa52db947c40a6e0"}
,"/Users/bryanowens/Code/Websites/Tunes/react-tunes/client/src/components/TuneDetail.jsx": {"path":"/Users/bryanowens/Code/Websites/Tunes/react-tunes/client/src/components/TuneDetail.jsx","statementMap":{"0":{"start":{"line":8,"column":19},"end":{"line":70,"column":1}},"1":{"start":{"line":9,"column":26},"end":{"line":9,"column":40}},"2":{"start":{"line":10,"column":28},"end":{"line":10,"column":42}},"3":{"start":{"line":11,"column":17},"end":{"line":11,"column":28}},"4":{"start":{"line":13,"column":2},"end":{"line":29,"column":11}},"5":{"start":{"line":14,"column":22},"end":{"line":26,"column":5}},"6":{"start":{"line":15,"column":6},"end":{"line":25,"column":7}},"7":{"start":{"line":16,"column":25},"end":{"line":16,"column":70}},"8":{"start":{"line":17,"column":8},"end":{"line":19,"column":9}},"9":{"start":{"line":18,"column":10},"end":{"line":18,"column":55}},"10":{"start":{"line":20,"column":21},"end":{"line":20,"column":42}},"11":{"start":{"line":21,"column":8},"end":{"line":21,"column":22}},"12":{"start":{"line":23,"column":8},"end":{"line":23,"column":51}},"13":{"start":{"line":24,"column":8},"end":{"line":24,"column":30}},"14":{"start":{"line":28,"column":4},"end":{"line":28,"column":16}},"15":{"start":{"line":31,"column":2},"end":{"line":31,"column":46}},"16":{"start":{"line":31,"column":13},"end":{"line":31,"column":46}},"17":{"start":{"line":32,"column":2},"end":{"line":32,"column":42}},"18":{"start":{"line":32,"column":13},"end":{"line":32,"column":42}},"19":{"start":{"line":34,"column":2},"end":{"line":69,"column":4}}},"fnMap":{"0":{"name":"(anonymous_0)","decl":{"start":{"line":8,"column":19},"end":{"line":8,"column":20}},"loc":{"start":{"line":8,"column":25},"end":{"line":70,"column":1}},"line":8},"1":{"name":"(anonymous_1)","decl":{"start":{"line":13,"column":12},"end":{"line":13,"column":13}},"loc":{"start":{"line":13,"column":18},"end":{"line":29,"column":3}},"line":13},"2":{"name":"(anonymous_2)","decl":{"start":{"line":14,"column":22},"end":{"line":14,"column":23}},"loc":{"start":{"line":14,"column":34},"end":{"line":26,"column":5}},"line":14}},"branchMap":{"0":{"loc":{"start":{"line":17,"column":8},"end":{"line":19,"column":9}},"type":"if","locations":[{"start":{"line":17,"column":8},"end":{"line":19,"column":9}},{"start":{},"end":{}}],"line":17},"1":{"loc":{"start":{"line":31,"column":2},"end":{"line":31,"column":46}},"type":"if","locations":[{"start":{"line":31,"column":2},"end":{"line":31,"column":46}},{"start":{},"end":{}}],"line":31},"2":{"loc":{"start":{"line":32,"column":2},"end":{"line":32,"column":42}},"type":"if","locations":[{"start":{"line":32,"column":2},"end":{"line":32,"column":42}},{"start":{},"end":{}}],"line":32},"3":{"loc":{"start":{"line":38,"column":9},"end":{"line":38,"column":78}},"type":"binary-expr","locations":[{"start":{"line":38,"column":9},"end":{"line":38,"column":20}},{"start":{"line":38,"column":24},"end":{"line":38,"column":78}}],"line":38},"4":{"loc":{"start":{"line":39,"column":9},"end":{"line":39,"column":71}},"type":"binary-expr","locations":[{"start":{"line":39,"column":9},"end":{"line":39,"column":25}},{"start":{"line":39,"column":29},"end":{"line":39,"column":71}}],"line":39},"5":{"loc":{"start":{"line":48,"column":9},"end":{"line":56,"column":9}},"type":"binary-expr","locations":[{"start":{"line":48,"column":9},"end":{"line":48,"column":16}},{"start":{"line":49,"column":10},"end":{"line":55,"column":16}}],"line":48},"6":{"loc":{"start":{"line":58,"column":9},"end":{"line":66,"column":16}},"type":"cond-expr","locations":[{"start":{"line":59,"column":10},"end":{"line":61,"column":16}},{"start":{"line":62,"column":12},"end":{"line":66,"column":16}}],"line":58},"7":{"loc":{"start":{"line":62,"column":12},"end":{"line":66,"column":16}},"type":"cond-expr","locations":[{"start":{"line":63,"column":10},"end":{"line":65,"column":16}},{"start":{"line":66,"column":12},"end":{"line":66,"column":16}}],"line":62}},"s":{"0":1,"1":10,"2":10,"3":10,"4":10,"5":6,"6":6,"7":6,"8":4,"9":0,"10":4,"11":4,"12":1,"13":1,"14":6,"15":10,"16":1,"17":9,"18":6,"19":3},"f":{"0":10,"1":6,"2":6},"b":{"0":[0,4],"1":[1,9],"2":[6,3],"3":[3,3],"4":[3,3],"5":[3,1],"6":[2,1],"7":[1,0]},"_coverageSchema":"1a1c01bbd47fc00a2c39e90264f33305004495a9","hash":"eaef9a51d5011a493cc12414e9d1350b2cb3fd8a"}
,"/Users/bryanowens/Code/Websites/Tunes/react-tunes/client/src/components/TuneDisplay.jsx": {"path":"/Users/bryanowens/Code/Websites/Tunes/react-tunes/client/src/components/TuneDisplay.jsx","statementMap":{"0":{"start":{"line":5,"column":20},"end":{"line":98,"column":1}},"1":{"start":{"line":6,"column":44},"end":{"line":6,"column":56}},"2":{"start":{"line":7,"column":25},"end":{"line":7,"column":34}},"3":{"start":{"line":9,"column":26},"end":{"line":41,"column":3}},"4":{"start":{"line":10,"column":4},"end":{"line":10,"column":22}},"5":{"start":{"line":10,"column":15},"end":{"line":10,"column":22}},"6":{"start":{"line":13,"column":4},"end":{"line":13,"column":23}},"7":{"start":{"line":15,"column":4},"end":{"line":19,"column":5}},"8":{"start":{"line":17,"column":6},"end":{"line":17,"column":50}},"9":{"start":{"line":18,"column":6},"end":{"line":18,"column":13}},"10":{"start":{"line":21,"column":4},"end":{"line":37,"column":5}},"11":{"start":{"line":23,"column":6},"end":{"line":26,"column":10}},"12":{"start":{"line":23,"column":34},"end":{"line":26,"column":7}},"13":{"start":{"line":29,"column":6},"end":{"line":34,"column":15}},"14":{"start":{"line":30,"column":8},"end":{"line":33,"column":12}},"15":{"start":{"line":30,"column":36},"end":{"line":33,"column":9}},"16":{"start":{"line":36,"column":6},"end":{"line":36,"column":13}},"17":{"start":{"line":40,"column":4},"end":{"line":40,"column":46}},"18":{"start":{"line":43,"column":25},"end":{"line":69,"column":3}},"19":{"start":{"line":44,"column":4},"end":{"line":44,"column":54}},"20":{"start":{"line":44,"column":42},"end":{"line":44,"column":54}},"21":{"start":{"line":46,"column":4},"end":{"line":57,"column":5}},"22":{"start":{"line":47,"column":6},"end":{"line":56,"column":8}},"23":{"start":{"line":50,"column":26},"end":{"line":50,"column":50}},"24":{"start":{"line":59,"column":4},"end":{"line":68,"column":6}},"25":{"start":{"line":61,"column":54},"end":{"line":61,"column":78}},"26":{"start":{"line":71,"column":2},"end":{"line":97,"column":4}},"27":{"start":{"line":78,"column":10},"end":{"line":80,"column":14}},"28":{"start":{"line":89,"column":10},"end":{"line":91,"column":14}}},"fnMap":{"0":{"name":"(anonymous_0)","decl":{"start":{"line":5,"column":20},"end":{"line":5,"column":21}},"loc":{"start":{"line":5,"column":57},"end":{"line":98,"column":1}},"line":5},"1":{"name":"(anonymous_1)","decl":{"start":{"line":9,"column":26},"end":{"line":9,"column":27}},"loc":{"start":{"line":9,"column":39},"end":{"line":41,"column":3}},"line":9},"2":{"name":"(anonymous_2)","decl":{"start":{"line":23,"column":23},"end":{"line":23,"column":24}},"loc":{"start":{"line":23,"column":34},"end":{"line":26,"column":7}},"line":23},"3":{"name":"(anonymous_3)","decl":{"start":{"line":29,"column":17},"end":{"line":29,"column":18}},"loc":{"start":{"line":29,"column":23},"end":{"line":34,"column":7}},"line":29},"4":{"name":"(anonymous_4)","decl":{"start":{"line":30,"column":25},"end":{"line":30,"column":26}},"loc":{"start":{"line":30,"column":36},"end":{"line":33,"column":9}},"line":30},"5":{"name":"(anonymous_5)","decl":{"start":{"line":43,"column":25},"end":{"line":43,"column":26}},"loc":{"start":{"line":43,"column":35},"end":{"line":69,"column":3}},"line":43},"6":{"name":"(anonymous_6)","decl":{"start":{"line":50,"column":19},"end":{"line":50,"column":20}},"loc":{"start":{"line":50,"column":26},"end":{"line":50,"column":50}},"line":50},"7":{"name":"(anonymous_7)","decl":{"start":{"line":61,"column":47},"end":{"line":61,"column":48}},"loc":{"start":{"line":61,"column":54},"end":{"line":61,"column":78}},"line":61},"8":{"name":"(anonymous_8)","decl":{"start":{"line":77,"column":27},"end":{"line":77,"column":28}},"loc":{"start":{"line":78,"column":10},"end":{"line":80,"column":14}},"line":78},"9":{"name":"(anonymous_9)","decl":{"start":{"line":88,"column":24},"end":{"line":88,"column":25}},"loc":{"start":{"line":89,"column":10},"end":{"line":91,"column":14}},"line":89}},"branchMap":{"0":{"loc":{"start":{"line":10,"column":4},"end":{"line":10,"column":22}},"type":"if","locations":[{"start":{"line":10,"column":4},"end":{"line":10,"column":22}},{"start":{},"end":{}}],"line":10},"1":{"loc":{"start":{"line":15,"column":4},"end":{"line":19,"column":5}},"type":"if","locations":[{"start":{"line":15,"column":4},"end":{"line":19,"column":5}},{"start":{},"end":{}}],"line":15},"2":{"loc":{"start":{"line":15,"column":8},"end":{"line":15,"column":52}},"type":"binary-expr","locations":[{"start":{"line":15,"column":8},"end":{"line":15,"column":28}},{"start":{"line":15,"column":32},"end":{"line":15,"column":52}}],"line":15},"3":{"loc":{"start":{"line":21,"column":4},"end":{"line":37,"column":5}},"type":"if","locations":[{"start":{"line":21,"column":4},"end":{"line":37,"column":5}},{"start":{},"end":{}}],"line":21},"4":{"loc":{"start":{"line":44,"column":4},"end":{"line":44,"column":54}},"type":"if","locations":[{"start":{"line":44,"column":4},"end":{"line":44,"column":54}},{"start":{},"end":{}}],"line":44},"5":{"loc":{"start":{"line":44,"column":8},"end":{"line":44,"column":40}},"type":"binary-expr","locations":[{"start":{"line":44,"column":8},"end":{"line":44,"column":13}},{"start":{"line":44,"column":17},"end":{"line":44,"column":25}},{"start":{"line":44,"column":29},"end":{"line":44,"column":40}}],"line":44},"6":{"loc":{"start":{"line":46,"column":4},"end":{"line":57,"column":5}},"type":"if","locations":[{"start":{"line":46,"column":4},"end":{"line":57,"column":5}},{"start":{},"end":{}}],"line":46},"7":{"loc":{"start":{"line":46,"column":8},"end":{"line":46,"column":52}},"type":"binary-expr","locations":[{"start":{"line":46,"column":8},"end":{"line":46,"column":28}},{"start":{"line":46,"column":32},"end":{"line":46,"column":52}}],"line":46},"8":{"loc":{"start":{"line":64,"column":9},"end":{"line":66,"column":9}},"type":"binary-expr","locations":[{"start":{"line":64,"column":9},"end":{"line":64,"column":20}},{"start":{"line":64,"column":24},"end":{"line":64,"column":46}},{"start":{"line":65,"column":10},"end":{"line":65,"column":66}}],"line":64},"9":{"loc":{"start":{"line":74,"column":13},"end":{"line":74,"column":49}},"type":"cond-expr","locations":[{"start":{"line":74,"column":41},"end":{"line":74,"column":44}},{"start":{"line":74,"column":47},"end":{"line":74,"column":49}}],"line":74},"10":{"loc":{"start":{"line":76,"column":7},"end":{"line":84,"column":7}},"type":"cond-expr","locations":[{"start":{"line":77,"column":8},"end":{"line":81,"column":10}},{"start":{"line":83,"column":8},"end":{"line":83,"column":40}}],"line":76},"11":{"loc":{"start":{"line":87,"column":7},"end":{"line":95,"column":7}},"type":"cond-expr","locations":[{"start":{"line":88,"column":8},"end":{"line":92,"column":10}},{"start":{"line":94,"column":8},"end":{"line":94,"column":40}}],"line":87}},"s":{"0":1,"1":16,"2":16,"3":16,"4":6,"5":0,"6":6,"7":6,"8":2,"9":2,"10":4,"11":3,"12":3,"13":3,"14":3,"15":3,"16":3,"17":1,"18":16,"19":55,"20":2,"21":53,"22":25,"23":2,"24":28,"25":4,"26":16,"27":29,"28":26},"f":{"0":16,"1":6,"2":3,"3":3,"4":3,"5":55,"6":2,"7":4,"8":29,"9":26},"b":{"0":[0,6],"1":[2,4],"2":[6,2],"3":[3,1],"4":[2,53],"5":[55,55,54],"6":[25,28],"7":[53,26],"8":[28,26,4],"9":[13,3],"10":[15,1],"11":[13,3]},"_coverageSchema":"1a1c01bbd47fc00a2c39e90264f33305004495a9","hash":"bdd1d33a9677bf295d0e236f41ad46fb722e4c7d"}
,"/Users/bryanowens/Code/Websites/Tunes/react-tunes/client/src/components/TuneList.jsx": {"path":"/Users/bryanowens/Code/Websites/Tunes/react-tunes/client/src/components/TuneList.jsx","statementMap":{"0":{"start":{"line":10,"column":20},"end":{"line":10,"column":60}},"1":{"start":{"line":12,"column":17},"end":{"line":144,"column":1}},"2":{"start":{"line":13,"column":28},"end":{"line":13,"column":40}},"3":{"start":{"line":14,"column":28},"end":{"line":14,"column":42}},"4":{"start":{"line":15,"column":36},"end":{"line":15,"column":50}},"5":{"start":{"line":16,"column":44},"end":{"line":16,"column":58}},"6":{"start":{"line":17,"column":25},"end":{"line":17,"column":34}},"7":{"start":{"line":20,"column":2},"end":{"line":38,"column":9}},"8":{"start":{"line":21,"column":23},"end":{"line":35,"column":5}},"9":{"start":{"line":22,"column":6},"end":{"line":34,"column":7}},"10":{"start":{"line":23,"column":25},"end":{"line":23,"column":68}},"11":{"start":{"line":24,"column":8},"end":{"line":26,"column":9}},"12":{"start":{"line":25,"column":10},"end":{"line":25,"column":55}},"13":{"start":{"line":27,"column":21},"end":{"line":27,"column":42}},"14":{"start":{"line":28,"column":8},"end":{"line":28,"column":23}},"15":{"start":{"line":30,"column":8},"end":{"line":30,"column":52}},"16":{"start":{"line":31,"column":8},"end":{"line":31,"column":30}},"17":{"start":{"line":33,"column":8},"end":{"line":33,"column":28}},"18":{"start":{"line":37,"column":4},"end":{"line":37,"column":17}},"19":{"start":{"line":40,"column":34},"end":{"line":49,"column":3}},"20":{"start":{"line":41,"column":4},"end":{"line":41,"column":23}},"21":{"start":{"line":42,"column":4},"end":{"line":46,"column":5}},"22":{"start":{"line":43,"column":6},"end":{"line":43,"column":31}},"23":{"start":{"line":44,"column":6},"end":{"line":44,"column":53}},"24":{"start":{"line":44,"column":23},"end":{"line":44,"column":45}},"25":{"start":{"line":45,"column":6},"end":{"line":45,"column":13}},"26":{"start":{"line":48,"column":4},"end":{"line":48,"column":45}},"27":{"start":{"line":51,"column":2},"end":{"line":53,"column":3}},"28":{"start":{"line":52,"column":4},"end":{"line":52,"column":65}},"29":{"start":{"line":55,"column":2},"end":{"line":57,"column":3}},"30":{"start":{"line":56,"column":4},"end":{"line":56,"column":65}},"31":{"start":{"line":59,"column":2},"end":{"line":61,"column":3}},"32":{"start":{"line":60,"column":4},"end":{"line":60,"column":72}},"33":{"start":{"line":63,"column":25},"end":{"line":63,"column":77}},"34":{"start":{"line":63,"column":48},"end":{"line":63,"column":76}},"35":{"start":{"line":64,"column":22},"end":{"line":64,"column":71}},"36":{"start":{"line":64,"column":45},"end":{"line":64,"column":70}},"37":{"start":{"line":65,"column":22},"end":{"line":65,"column":38}},"38":{"start":{"line":67,"column":2},"end":{"line":143,"column":4}},"39":{"start":{"line":111,"column":14},"end":{"line":134,"column":19}},"40":{"start":{"line":124,"column":38},"end":{"line":124,"column":73}}},"fnMap":{"0":{"name":"(anonymous_0)","decl":{"start":{"line":12,"column":17},"end":{"line":12,"column":18}},"loc":{"start":{"line":12,"column":23},"end":{"line":144,"column":1}},"line":12},"1":{"name":"(anonymous_1)","decl":{"start":{"line":20,"column":12},"end":{"line":20,"column":13}},"loc":{"start":{"line":20,"column":18},"end":{"line":38,"column":3}},"line":20},"2":{"name":"(anonymous_2)","decl":{"start":{"line":21,"column":23},"end":{"line":21,"column":24}},"loc":{"start":{"line":21,"column":35},"end":{"line":35,"column":5}},"line":21},"3":{"name":"(anonymous_3)","decl":{"start":{"line":40,"column":34},"end":{"line":40,"column":35}},"loc":{"start":{"line":40,"column":49},"end":{"line":49,"column":3}},"line":40},"4":{"name":"(anonymous_4)","decl":{"start":{"line":44,"column":17},"end":{"line":44,"column":18}},"loc":{"start":{"line":44,"column":23},"end":{"line":44,"column":45}},"line":44},"5":{"name":"(anonymous_5)","decl":{"start":{"line":63,"column":38},"end":{"line":63,"column":39}},"loc":{"start":{"line":63,"column":48},"end":{"line":63,"column":76}},"line":63},"6":{"name":"(anonymous_6)","decl":{"start":{"line":64,"column":35},"end":{"line":64,"column":36}},"loc":{"start":{"line":64,"column":45},"end":{"line":64,"column":70}},"line":64},"7":{"name":"(anonymous_7)","decl":{"start":{"line":110,"column":29},"end":{"line":110,"column":30}},"loc":{"start":{"line":111,"column":14},"end":{"line":134,"column":19}},"line":111},"8":{"name":"(anonymous_8)","decl":{"start":{"line":124,"column":31},"end":{"line":124,"column":32}},"loc":{"start":{"line":124,"column":38},"end":{"line":124,"column":73}},"line":124}},"branchMap":{"0":{"loc":{"start":{"line":24,"column":8},"end":{"line":26,"column":9}},"type":"if","locations":[{"start":{"line":24,"column":8},"end":{"line":26,"column":9}},{"start":{},"end":{}}],"line":24},"1":{"loc":{"start":{"line":42,"column":4},"end":{"line":46,"column":5}},"type":"if","locations":[{"start":{"line":42,"column":4},"end":{"line":46,"column":5}},{"start":{},"end":{}}],"line":42},"2":{"loc":{"start":{"line":51,"column":2},"end":{"line":53,"column":3}},"type":"if","locations":[{"start":{"line":51,"column":2},"end":{"line":53,"column":3}},{"start":{},"end":{}}],"line":51},"3":{"loc":{"start":{"line":55,"column":2},"end":{"line":57,"column":3}},"type":"if","locations":[{"start":{"line":55,"column":2},"end":{"line":57,"column":3}},{"start":{},"end":{}}],"line":55},"4":{"loc":{"start":{"line":59,"column":2},"end":{"line":61,"column":3}},"type":"if","locations":[{"start":{"line":59,"column":2},"end":{"line":61,"column":3}},{"start":{},"end":{}}],"line":59},"5":{"loc":{"start":{"line":59,"column":6},"end":{"line":59,"column":34}},"type":"binary-expr","locations":[{"start":{"line":59,"column":6},"end":{"line":59,"column":12}},{"start":{"line":59,"column":16},"end":{"line":59,"column":34}}],"line":59},"6":{"loc":{"start":{"line":112,"column":17},"end":{"line":132,"column":17}},"type":"cond-expr","locations":[{"start":{"line":113,"column":18},"end":{"line":119,"column":22}},{"start":{"line":121,"column":18},"end":{"line":131,"column":21}}],"line":112},"7":{"loc":{"start":{"line":128,"column":21},"end":{"line":130,"column":21}},"type":"binary-expr","locations":[{"start":{"line":128,"column":21},"end":{"line":128,"column":32}},{"start":{"line":128,"column":36},"end":{"line":128,"column":61}},{"start":{"line":129,"column":22},"end":{"line":129,"column":78}}],"line":128}},"s":{"0":1,"1":1,"2":21,"3":21,"4":21,"5":21,"6":21,"7":21,"8":10,"9":10,"10":10,"11":8,"12":0,"13":8,"14":8,"15":1,"16":1,"17":9,"18":10,"19":21,"20":2,"21":2,"22":1,"23":1,"24":1,"25":1,"26":1,"27":21,"28":10,"29":11,"30":1,"31":10,"32":1,"33":9,"34":27,"35":9,"36":27,"37":9,"38":9,"39":27,"40":2},"f":{"0":21,"1":10,"2":10,"3":2,"4":1,"5":27,"6":27,"7":27,"8":2},"b":{"0":[0,8],"1":[1,1],"2":[10,11],"3":[1,10],"4":[1,9],"5":[10,10],"6":[9,18],"7":[18,16,1]},"_coverageSchema":"1a1c01bbd47fc00a2c39e90264f33305004495a9","hash":"02bce630d2c28a58034de52735d8ba8f312228c7"}
,"/Users/bryanowens/Code/Websites/Tunes/react-tunes/client/src/components/YouTubePlayer.jsx": {"path":"/Users/bryanowens/Code/Websites/Tunes/react-tunes/client/src/components/YouTubePlayer.jsx","statementMap":{"0":{"start":{"line":3,"column":22},"end":{"line":19,"column":1}},"1":{"start":{"line":4,"column":2},"end":{"line":6,"column":3}},"2":{"start":{"line":5,"column":4},"end":{"line":5,"column":16}},"3":{"start":{"line":8,"column":19},"end":{"line":8,"column":68}},"4":{"start":{"line":10,"column":2},"end":{"line":18,"column":4}}},"fnMap":{"0":{"name":"(anonymous_0)","decl":{"start":{"line":3,"column":22},"end":{"line":3,"column":23}},"loc":{"start":{"line":3,"column":46},"end":{"line":19,"column":1}},"line":3}},"branchMap":{"0":{"loc":{"start":{"line":4,"column":2},"end":{"line":6,"column":3}},"type":"if","locations":[{"start":{"line":4,"column":2},"end":{"line":6,"column":3}},{"start":{},"end":{}}],"line":4}},"s":{"0":1,"1":2,"2":1,"3":1,"4":1},"f":{"0":2},"b":{"0":[1,1]},"_coverageSchema":"1a1c01bbd47fc00a2c39e90264f33305004495a9","hash":"9cbb305585aebe267947d8a2f9bfc2a61b8086a4"}
,"/Users/bryanowens/Code/Websites/Tunes/react-tunes/client/src/components/ui/Button.jsx": {"path":"/Users/bryanowens/Code/Websites/Tunes/react-tunes/client/src/components/ui/Button.jsx","statementMap":{"0":{"start":{"line":3,"column":22},"end":{"line":5,"column":2}},"1":{"start":{"line":4,"column":2},"end":{"line":4,"column":67}}},"fnMap":{"0":{"name":"(anonymous_0)","decl":{"start":{"line":3,"column":39},"end":{"line":3,"column":40}},"loc":{"start":{"line":4,"column":2},"end":{"line":4,"column":67}},"line":4}},"branchMap":{},"s":{"0":2,"1":14},"f":{"0":14},"b":{},"_coverageSchema":"1a1c01bbd47fc00a2c39e90264f33305004495a9","hash":"1f3f7d3e9b5bf6cefdca24f93928edaf87033f9d"}
,"/Users/bryanowens/Code/Websites/Tunes/react-tunes/client/src/components/ui/Card.jsx": {"path":"/Users/bryanowens/Code/Websites/Tunes/react-tunes/client/src/components/ui/Card.jsx","statementMap":{"0":{"start":{"line":3,"column":20},"end":{"line":7,"column":1}},"1":{"start":{"line":4,"column":2},"end":{"line":6,"column":8}},"2":{"start":{"line":9,"column":26},"end":{"line":13,"column":1}},"3":{"start":{"line":10,"column":2},"end":{"line":12,"column":8}},"4":{"start":{"line":15,"column":25},"end":{"line":19,"column":1}},"5":{"start":{"line":16,"column":2},"end":{"line":18,"column":7}},"6":{"start":{"line":21,"column":27},"end":{"line":25,"column":1}},"7":{"start":{"line":22,"column":2},"end":{"line":24,"column":8}}},"fnMap":{"0":{"name":"(anonymous_0)","decl":{"start":{"line":3,"column":20},"end":{"line":3,"column":21}},"loc":{"start":{"line":4,"column":2},"end":{"line":6,"column":8}},"line":4},"1":{"name":"(anonymous_1)","decl":{"start":{"line":9,"column":26},"end":{"line":9,"column":27}},"loc":{"start":{"line":10,"column":2},"end":{"line":12,"column":8}},"line":10},"2":{"name":"(anonymous_2)","decl":{"start":{"line":15,"column":25},"end":{"line":15,"column":26}},"loc":{"start":{"line":16,"column":2},"end":{"line":18,"column":7}},"line":16},"3":{"name":"(anonymous_3)","decl":{"start":{"line":21,"column":27},"end":{"line":21,"column":28}},"loc":{"start":{"line":22,"column":2},"end":{"line":24,"column":8}},"line":22}},"branchMap":{},"s":{"0":1,"1":2,"2":1,"3":1,"4":1,"5":1,"6":1,"7":1},"f":{"0":2,"1":1,"2":1,"3":1},"b":{},"_coverageSchema":"1a1c01bbd47fc00a2c39e90264f33305004495a9","hash":"eaa609be29d35117650b883598297f5f6cac863e"}
,"/Users/bryanowens/Code/Websites/Tunes/react-tunes/client/src/components/ui/Dialog.jsx": {"path":"/Users/bryanowens/Code/Websites/Tunes/react-tunes/client/src/components/ui/Dialog.jsx","statementMap":{"0":{"start":{"line":4,"column":22},"end":{"line":4,"column":42}},"1":{"start":{"line":5,"column":29},"end":{"line":5,"column":52}},"2":{"start":{"line":7,"column":29},"end":{"line":23,"column":1}},"3":{"start":{"line":9,"column":4},"end":{"line":21,"column":29}},"4":{"start":{"line":25,"column":27},"end":{"line":25,"column":48}},"5":{"start":{"line":26,"column":33},"end":{"line":26,"column":60}}},"fnMap":{"0":{"name":"(anonymous_0)","decl":{"start":{"line":8,"column":2},"end":{"line":8,"column":3}},"loc":{"start":{"line":9,"column":4},"end":{"line":21,"column":29}},"line":9}},"branchMap":{},"s":{"0":1,"1":1,"2":1,"3":1,"4":1,"5":1},"f":{"0":1},"b":{},"_coverageSchema":"1a1c01bbd47fc00a2c39e90264f33305004495a9","hash":"ffceb8d9f79e31e999f461d3f044251cc3661e0f"}
,"/Users/bryanowens/Code/Websites/Tunes/react-tunes/client/src/components/ui/Input.jsx": {"path":"/Users/bryanowens/Code/Websites/Tunes/react-tunes/client/src/components/ui/Input.jsx","statementMap":{"0":{"start":{"line":3,"column":21},"end":{"line":5,"column":2}},"1":{"start":{"line":4,"column":2},"end":{"line":4,"column":65}}},"fnMap":{"0":{"name":"(anonymous_0)","decl":{"start":{"line":3,"column":38},"end":{"line":3,"column":39}},"loc":{"start":{"line":4,"column":2},"end":{"line":4,"column":65}},"line":4}},"branchMap":{},"s":{"0":1,"1":1},"f":{"0":1},"b":{},"_coverageSchema":"1a1c01bbd47fc00a2c39e90264f33305004495a9","hash":"98144db90e1ad555a98aeb00f942bd79eb2bce4a"}
}
