TN:
SF:src/App.jsx
FN:13,App
FNF:1
FNH:1
FNDA:8,App
DA:14,8
LF:1
LH:1
BRF:0
BRH:0
end_of_record
TN:
SF:src/useAuth.jsx
FN:7,(anonymous_0)
FN:11,(anonymous_1)
FN:35,(anonymous_2)
FN:47,(anonymous_3)
FN:61,(anonymous_4)
FNF:5
FNH:5
FNDA:15,(anonymous_0)
FNDA:10,(anonymous_1)
FNDA:2,(anonymous_2)
FNDA:1,(anonymous_3)
FNDA:10,(anonymous_4)
DA:5,3
DA:7,3
DA:8,15
DA:9,15
DA:11,15
DA:12,10
DA:13,10
DA:15,10
DA:17,3
DA:18,1
DA:21,2
DA:22,2
DA:23,2
DA:25,7
DA:27,1
DA:28,1
DA:29,1
DA:31,6
DA:35,15
DA:36,2
DA:40,2
DA:41,2
DA:43,2
DA:44,2
DA:47,15
DA:48,1
DA:49,1
DA:50,1
DA:51,1
DA:54,15
DA:61,3
DA:62,10
DA:63,10
DA:64,0
DA:66,10
LF:35
LH:34
BRDA:15,0,0,3
BRDA:15,0,1,7
BRDA:15,1,0,10
BRDA:15,1,1,4
BRDA:17,2,0,1
BRDA:17,2,1,2
BRDA:25,3,0,1
BRDA:25,3,1,6
BRDA:25,4,0,7
BRDA:25,4,1,6
BRDA:35,5,0,1
BRDA:40,6,0,1
BRDA:40,6,1,1
BRDA:63,7,0,0
BRDA:63,7,1,10
BRF:15
BRH:14
end_of_record
TN:
SF:src/components/AuthButton.jsx
FN:13,(anonymous_0)
FN:18,(anonymous_1)
FN:26,(anonymous_2)
FN:30,(anonymous_3)
FN:34,(anonymous_4)
FNF:5
FNH:5
FNDA:10,(anonymous_0)
FNDA:6,(anonymous_1)
FNDA:2,(anonymous_2)
FNDA:1,(anonymous_3)
FNDA:1,(anonymous_4)
DA:13,1
DA:14,10
DA:15,10
DA:16,10
DA:18,10
DA:19,6
DA:20,6
DA:21,6
DA:22,1
DA:26,10
DA:27,2
DA:30,10
DA:31,1
DA:34,10
DA:35,1
DA:38,10
LF:16
LH:16
BRDA:21,0,0,1
BRDA:21,0,1,5
BRDA:40,1,0,2
BRDA:40,1,1,8
BRDA:45,2,0,10
BRDA:45,2,1,8
BRF:6
BRH:6
end_of_record
TN:
SF:src/components/AuthForm.jsx
FN:6,(anonymous_0)
FN:20,(anonymous_1)
FN:29,(anonymous_2)
FN:32,(anonymous_3)
FN:39,(anonymous_4)
FN:46,(anonymous_5)
FN:98,(anonymous_6)
FN:117,(anonymous_7)
FN:121,(anonymous_8)
FN:126,(anonymous_9)
FN:134,(anonymous_10)
FN:143,(anonymous_11)
FN:155,(anonymous_12)
FN:160,(anonymous_13)
FN:168,(anonymous_14)
FN:176,(anonymous_15)
FN:191,(anonymous_16)
FN:196,(anonymous_17)
FN:211,(anonymous_18)
FN:216,(anonymous_19)
FN:224,(anonymous_20)
FN:248,(anonymous_21)
FN:255,(anonymous_22)
FN:264,(anonymous_23)
FNF:24
FNH:18
FNDA:50,(anonymous_0)
FNDA:14,(anonymous_1)
FNDA:14,(anonymous_2)
FNDA:1,(anonymous_3)
FNDA:6,(anonymous_4)
FNDA:0,(anonymous_5)
FNDA:0,(anonymous_6)
FNDA:50,(anonymous_7)
FNDA:2,(anonymous_8)
FNDA:2,(anonymous_9)
FNDA:2,(anonymous_10)
FNDA:3,(anonymous_11)
FNDA:0,(anonymous_12)
FNDA:0,(anonymous_13)
FNDA:0,(anonymous_14)
FNDA:0,(anonymous_15)
FNDA:2,(anonymous_16)
FNDA:2,(anonymous_17)
FNDA:2,(anonymous_18)
FNDA:2,(anonymous_19)
FNDA:2,(anonymous_20)
FNDA:2,(anonymous_21)
FNDA:2,(anonymous_22)
FNDA:5,(anonymous_23)
DA:6,2
DA:7,50
DA:8,50
DA:9,50
DA:10,50
DA:11,50
DA:12,50
DA:13,50
DA:14,50
DA:15,50
DA:16,50
DA:17,50
DA:18,50
DA:20,50
DA:21,14
DA:22,14
DA:23,14
DA:24,3
DA:25,3
DA:29,50
DA:30,14
DA:31,1
DA:32,1
DA:33,1
DA:34,1
DA:39,50
DA:40,6
DA:41,6
DA:42,6
DA:44,6
DA:45,0
DA:46,0
DA:47,0
DA:48,0
DA:50,0
DA:53,6
DA:54,1
DA:55,1
DA:58,5
DA:61,5
DA:63,2
DA:64,2
DA:65,2
DA:67,0
DA:68,0
DA:69,0
DA:71,2
DA:72,2
DA:73,2
DA:75,1
DA:76,1
DA:78,1
DA:80,0
DA:83,5
DA:89,5
DA:91,5
DA:92,4
DA:93,4
DA:94,2
DA:96,4
DA:97,1
DA:98,1
DA:99,0
DA:100,0
DA:102,3
DA:103,1
DA:107,4
DA:109,1
DA:112,0
DA:113,0
DA:117,50
DA:118,50
DA:120,28
DA:121,2
DA:126,2
DA:134,2
DA:143,3
DA:154,2
DA:155,0
DA:160,0
DA:168,0
DA:176,0
DA:190,11
DA:191,2
DA:196,2
DA:210,9
DA:211,2
DA:216,2
DA:224,2
DA:238,0
DA:242,50
DA:248,2
DA:255,2
DA:264,5
LF:94
LH:76
BRDA:23,0,0,3
BRDA:23,0,1,11
BRDA:30,1,0,1
BRDA:30,1,1,13
BRDA:44,2,0,0
BRDA:44,2,1,6
BRDA:44,3,0,6
BRDA:44,3,1,0
BRDA:53,4,0,1
BRDA:53,4,1,5
BRDA:53,5,0,6
BRDA:53,5,1,2
BRDA:61,6,0,2
BRDA:61,6,1,0
BRDA:61,6,2,2
BRDA:61,6,3,1
BRDA:61,6,4,0
BRDA:91,7,0,4
BRDA:91,7,1,1
BRDA:92,8,0,4
BRDA:92,8,1,0
BRDA:93,9,0,2
BRDA:93,9,1,2
BRDA:96,10,0,1
BRDA:96,10,1,3
BRDA:102,11,0,1
BRDA:102,11,1,2
BRDA:109,12,0,1
BRDA:109,12,1,0
BRDA:118,13,0,28
BRDA:118,13,1,2
BRDA:118,13,2,11
BRDA:118,13,3,9
BRDA:118,13,4,0
BRDA:247,14,0,28
BRDA:247,14,1,22
BRDA:254,15,0,2
BRDA:254,15,1,48
BRDA:262,16,0,11
BRDA:262,16,1,39
BRDA:271,17,0,50
BRDA:271,17,1,2
BRDA:276,18,0,50
BRDA:276,18,1,4
BRF:44
BRH:37
end_of_record
TN:
SF:src/components/ChordDetail.jsx
FN:8,(anonymous_0)
FN:13,(anonymous_1)
FN:14,(anonymous_2)
FNF:3
FNH:3
FNDA:12,(anonymous_0)
FNDA:7,(anonymous_1)
FNDA:7,(anonymous_2)
DA:8,1
DA:9,12
DA:10,12
DA:11,12
DA:13,12
DA:14,7
DA:15,7
DA:16,7
DA:17,5
DA:18,0
DA:20,5
DA:21,5
DA:23,1
DA:24,1
DA:28,7
DA:31,12
DA:32,11
DA:34,4
LF:18
LH:17
BRDA:17,0,0,0
BRDA:17,0,1,5
BRDA:31,1,0,1
BRDA:31,1,1,11
BRDA:32,2,0,7
BRDA:32,2,1,4
BRDA:38,3,0,4
BRDA:38,3,1,0
BRDA:42,4,0,3
BRDA:42,4,1,1
BRDA:56,5,0,4
BRDA:56,5,1,4
BRDA:61,6,0,4
BRDA:61,6,1,4
BRDA:64,7,0,4
BRDA:64,7,1,4
BRF:16
BRH:14
end_of_record
TN:
SF:src/components/ChordList.jsx
FN:10,(anonymous_0)
FN:17,(anonymous_1)
FN:18,(anonymous_2)
FN:25,(anonymous_3)
FN:38,(anonymous_4)
FN:43,(anonymous_5)
FN:73,(anonymous_6)
FN:77,(anonymous_7)
FNF:8
FNH:8
FNDA:31,(anonymous_0)
FNDA:13,(anonymous_1)
FNDA:13,(anonymous_2)
FNDA:23,(anonymous_3)
FNDA:4,(anonymous_4)
FNDA:1,(anonymous_5)
FNDA:32,(anonymous_6)
FNDA:4,(anonymous_7)
DA:8,1
DA:10,1
DA:11,31
DA:12,31
DA:13,31
DA:14,31
DA:15,31
DA:17,31
DA:18,13
DA:19,13
DA:20,13
DA:21,11
DA:22,0
DA:24,11
DA:25,23
DA:26,11
DA:28,1
DA:29,1
DA:31,12
DA:35,13
DA:38,31
DA:39,4
DA:40,4
DA:41,3
DA:43,3
DA:44,3
DA:47,1
DA:50,31
DA:51,13
DA:54,18
DA:55,1
DA:58,17
DA:59,1
DA:62,16
DA:64,16
DA:74,32
DA:77,4
LF:37
LH:36
BRDA:21,0,0,0
BRDA:21,0,1,11
BRDA:40,1,0,3
BRDA:40,1,1,1
BRDA:50,2,0,13
BRDA:50,2,1,18
BRDA:54,3,0,1
BRDA:54,3,1,17
BRDA:58,4,0,1
BRDA:58,4,1,16
BRDA:58,5,0,17
BRDA:58,5,1,17
BRDA:81,6,0,32
BRDA:81,6,1,18
BRDA:81,6,2,3
BRF:15
BRH:14
end_of_record
TN:
SF:src/components/ForgotPasswordForm.jsx
FN:4,(anonymous_0)
FN:9,(anonymous_1)
FN:47,(anonymous_2)
FNF:3
FNH:3
FNDA:10,(anonymous_0)
FNDA:2,(anonymous_1)
FNDA:2,(anonymous_2)
DA:4,1
DA:5,10
DA:6,10
DA:7,10
DA:9,10
DA:10,2
DA:11,2
DA:12,2
DA:14,2
DA:15,0
DA:16,0
DA:19,2
DA:20,2
DA:26,2
DA:27,1
DA:30,1
DA:31,1
DA:32,1
DA:34,1
DA:35,1
DA:39,10
DA:47,2
LF:22
LH:20
BRDA:14,0,0,0
BRDA:14,0,1,2
BRDA:26,1,0,1
BRDA:26,1,1,1
BRDA:31,2,0,1
BRDA:31,2,1,0
BRDA:59,3,0,10
BRDA:59,3,1,1
BRDA:64,4,0,10
BRDA:64,4,1,1
BRF:10
BRH:8
end_of_record
TN:
SF:src/components/Header.jsx
FN:6,(anonymous_0)
FNF:1
FNH:1
FNDA:5,(anonymous_0)
DA:6,1
DA:7,5
DA:9,5
LF:3
LH:3
BRDA:6,0,0,3
BRDA:10,1,0,4
BRDA:10,1,1,1
BRF:3
BRH:3
end_of_record
TN:
SF:src/components/Home.jsx
FN:7,(anonymous_0)
FNF:1
FNH:1
FNDA:3,(anonymous_0)
DA:5,1
DA:7,1
DA:8,3
LF:3
LH:3
BRF:0
BRH:0
end_of_record
TN:
SF:src/components/LoginForm.jsx
FN:6,(anonymous_0)
FN:14,(anonymous_1)
FN:64,(anonymous_2)
FN:75,(anonymous_3)
FNF:4
FNH:4
FNDA:22,(anonymous_0)
FNDA:5,(anonymous_1)
FNDA:4,(anonymous_2)
FNDA:4,(anonymous_3)
DA:6,1
DA:7,22
DA:8,22
DA:9,22
DA:10,22
DA:11,22
DA:12,22
DA:14,22
DA:15,5
DA:16,5
DA:17,5
DA:19,5
DA:20,5
DA:21,1
DA:22,4
DA:23,1
DA:24,3
DA:25,1
DA:28,2
DA:36,2
DA:38,2
DA:39,0
DA:44,2
DA:45,0
DA:47,5
DA:48,5
DA:50,5
DA:54,22
DA:64,4
DA:75,4
LF:30
LH:28
BRDA:20,0,0,1
BRDA:20,0,1,4
BRDA:20,1,0,5
BRDA:20,1,1,2
BRDA:22,2,0,1
BRDA:22,2,1,3
BRDA:24,3,0,1
BRDA:24,3,1,2
BRDA:38,4,0,0
BRDA:38,4,1,2
BRDA:39,5,0,0
BRDA:39,5,1,0
BRDA:48,6,0,5
BRDA:48,6,1,0
BRDA:80,7,0,22
BRDA:80,7,1,4
BRDA:90,8,0,2
BRDA:90,8,1,20
BRF:18
BRH:14
end_of_record
TN:
SF:src/components/Navigation.jsx
FN:6,(anonymous_0)
FNF:1
FNH:1
FNDA:3,(anonymous_0)
DA:6,1
DA:7,3
LF:2
LH:2
BRF:0
BRH:0
end_of_record
TN:
SF:src/components/Resources.jsx
FN:7,Resources
FNF:1
FNH:1
FNDA:3,Resources
DA:5,1
DA:8,3
LF:2
LH:2
BRF:0
BRH:0
end_of_record
TN:
SF:src/components/SignupForm.jsx
FN:5,(anonymous_0)
FN:13,(anonymous_1)
FN:57,(anonymous_2)
FN:67,(anonymous_3)
FN:77,(anonymous_4)
FNF:5
FNH:5
FNDA:32,(anonymous_0)
FNDA:5,(anonymous_1)
FNDA:5,(anonymous_2)
FNDA:5,(anonymous_3)
FNDA:5,(anonymous_4)
DA:5,1
DA:6,32
DA:7,32
DA:8,32
DA:9,32
DA:10,32
DA:11,32
DA:13,32
DA:14,5
DA:15,5
DA:17,5
DA:18,1
DA:19,1
DA:22,4
DA:24,4
DA:25,4
DA:33,3
DA:34,3
DA:35,1
DA:38,2
DA:39,2
DA:41,2
DA:43,4
DA:47,32
DA:57,5
DA:67,5
DA:77,5
LF:27
LH:27
BRDA:17,0,0,1
BRDA:17,0,1,4
BRDA:17,1,0,5
BRDA:17,1,1,4
BRDA:17,1,2,4
BRDA:34,2,0,1
BRDA:34,2,1,2
BRDA:35,3,0,1
BRDA:35,3,1,0
BRDA:85,4,0,4
BRDA:85,4,1,28
BRF:11
BRH:10
end_of_record
TN:
SF:src/components/SpotifyMusicPlayer.jsx
FN:3,(anonymous_0)
FNF:1
FNH:1
FNDA:6,(anonymous_0)
DA:3,1
DA:5,6
DA:6,2
DA:8,4
DA:11,6
LF:5
LH:5
BRDA:5,0,0,2
BRDA:5,0,1,4
BRF:2
BRH:2
end_of_record
TN:
SF:src/components/TuneDetail.jsx
FN:8,(anonymous_0)
FN:13,(anonymous_1)
FN:14,(anonymous_2)
FNF:3
FNH:3
FNDA:10,(anonymous_0)
FNDA:6,(anonymous_1)
FNDA:6,(anonymous_2)
DA:8,1
DA:9,10
DA:10,10
DA:11,10
DA:13,10
DA:14,6
DA:15,6
DA:16,6
DA:17,4
DA:18,0
DA:20,4
DA:21,4
DA:23,1
DA:24,1
DA:28,6
DA:31,10
DA:32,9
DA:34,3
LF:18
LH:17
BRDA:17,0,0,0
BRDA:17,0,1,4
BRDA:31,1,0,1
BRDA:31,1,1,9
BRDA:32,2,0,6
BRDA:32,2,1,3
BRDA:38,3,0,3
BRDA:38,3,1,3
BRDA:39,4,0,3
BRDA:39,4,1,3
BRDA:48,5,0,3
BRDA:48,5,1,1
BRDA:58,6,0,2
BRDA:58,6,1,1
BRDA:62,7,0,1
BRDA:62,7,1,0
BRF:16
BRH:14
end_of_record
TN:
SF:src/components/TuneDisplay.jsx
FN:5,(anonymous_0)
FN:9,(anonymous_1)
FN:23,(anonymous_2)
FN:29,(anonymous_3)
FN:30,(anonymous_4)
FN:43,(anonymous_5)
FN:50,(anonymous_6)
FN:61,(anonymous_7)
FN:77,(anonymous_8)
FN:88,(anonymous_9)
FNF:10
FNH:10
FNDA:16,(anonymous_0)
FNDA:6,(anonymous_1)
FNDA:3,(anonymous_2)
FNDA:3,(anonymous_3)
FNDA:3,(anonymous_4)
FNDA:55,(anonymous_5)
FNDA:2,(anonymous_6)
FNDA:4,(anonymous_7)
FNDA:29,(anonymous_8)
FNDA:26,(anonymous_9)
DA:5,1
DA:6,16
DA:7,16
DA:9,16
DA:10,6
DA:13,6
DA:15,6
DA:17,2
DA:18,2
DA:21,4
DA:23,3
DA:29,3
DA:30,3
DA:36,3
DA:40,1
DA:43,16
DA:44,55
DA:46,53
DA:47,25
DA:50,2
DA:59,28
DA:61,4
DA:71,16
DA:78,29
DA:89,26
LF:25
LH:25
BRDA:10,0,0,0
BRDA:10,0,1,6
BRDA:15,1,0,2
BRDA:15,1,1,4
BRDA:15,2,0,6
BRDA:15,2,1,2
BRDA:21,3,0,3
BRDA:21,3,1,1
BRDA:44,4,0,2
BRDA:44,4,1,53
BRDA:44,5,0,55
BRDA:44,5,1,55
BRDA:44,5,2,54
BRDA:46,6,0,25
BRDA:46,6,1,28
BRDA:46,7,0,53
BRDA:46,7,1,26
BRDA:64,8,0,28
BRDA:64,8,1,26
BRDA:64,8,2,4
BRDA:74,9,0,13
BRDA:74,9,1,3
BRDA:76,10,0,15
BRDA:76,10,1,1
BRDA:87,11,0,13
BRDA:87,11,1,3
BRF:26
BRH:25
end_of_record
TN:
SF:src/components/TuneList.jsx
FN:12,(anonymous_0)
FN:20,(anonymous_1)
FN:21,(anonymous_2)
FN:40,(anonymous_3)
FN:44,(anonymous_4)
FN:63,(anonymous_5)
FN:64,(anonymous_6)
FN:110,(anonymous_7)
FN:124,(anonymous_8)
FNF:9
FNH:9
FNDA:21,(anonymous_0)
FNDA:10,(anonymous_1)
FNDA:10,(anonymous_2)
FNDA:2,(anonymous_3)
FNDA:1,(anonymous_4)
FNDA:27,(anonymous_5)
FNDA:27,(anonymous_6)
FNDA:27,(anonymous_7)
FNDA:2,(anonymous_8)
DA:10,1
DA:12,1
DA:13,21
DA:14,21
DA:15,21
DA:16,21
DA:17,21
DA:20,21
DA:21,10
DA:22,10
DA:23,10
DA:24,8
DA:25,0
DA:27,8
DA:28,8
DA:30,1
DA:31,1
DA:33,9
DA:37,10
DA:40,21
DA:41,2
DA:42,2
DA:43,1
DA:44,1
DA:45,1
DA:48,1
DA:51,21
DA:52,10
DA:55,11
DA:56,1
DA:59,10
DA:60,1
DA:63,27
DA:64,27
DA:65,9
DA:67,9
DA:111,27
DA:124,2
LF:38
LH:37
BRDA:24,0,0,0
BRDA:24,0,1,8
BRDA:42,1,0,1
BRDA:42,1,1,1
BRDA:51,2,0,10
BRDA:51,2,1,11
BRDA:55,3,0,1
BRDA:55,3,1,10
BRDA:59,4,0,1
BRDA:59,4,1,9
BRDA:59,5,0,10
BRDA:59,5,1,10
BRDA:112,6,0,9
BRDA:112,6,1,18
BRDA:128,7,0,18
BRDA:128,7,1,16
BRDA:128,7,2,1
BRF:17
BRH:16
end_of_record
TN:
SF:src/components/YouTubePlayer.jsx
FN:3,(anonymous_0)
FNF:1
FNH:1
FNDA:2,(anonymous_0)
DA:3,1
DA:4,2
DA:5,1
DA:8,1
DA:10,1
LF:5
LH:5
BRDA:4,0,0,1
BRDA:4,0,1,1
BRF:2
BRH:2
end_of_record
TN:
SF:src/components/ui/Button.jsx
FN:3,(anonymous_0)
FNF:1
FNH:1
FNDA:14,(anonymous_0)
DA:3,2
DA:4,14
LF:2
LH:2
BRF:0
BRH:0
end_of_record
TN:
SF:src/components/ui/Card.jsx
FN:3,(anonymous_0)
FN:9,(anonymous_1)
FN:15,(anonymous_2)
FN:21,(anonymous_3)
FNF:4
FNH:4
FNDA:2,(anonymous_0)
FNDA:1,(anonymous_1)
FNDA:1,(anonymous_2)
FNDA:1,(anonymous_3)
DA:3,1
DA:4,2
DA:9,1
DA:10,1
DA:15,1
DA:16,1
DA:21,1
DA:22,1
LF:8
LH:8
BRF:0
BRH:0
end_of_record
TN:
SF:src/components/ui/Dialog.jsx
FN:8,(anonymous_0)
FNF:1
FNH:1
FNDA:1,(anonymous_0)
DA:4,1
DA:5,1
DA:7,1
DA:9,1
DA:25,1
DA:26,1
LF:6
LH:6
BRF:0
BRH:0
end_of_record
TN:
SF:src/components/ui/Input.jsx
FN:3,(anonymous_0)
FNF:1
FNH:1
FNDA:1,(anonymous_0)
DA:3,1
DA:4,1
LF:2
LH:2
BRF:0
BRH:0
end_of_record
