TN:
SF:src/App.jsx
FN:13,App
FNF:1
FNH:1
FNDA:8,App
DA:14,8
LF:1
LH:1
BRF:0
BRH:0
end_of_record
TN:
SF:src/useAuth.jsx
FN:6,(anonymous_0)
FN:10,(anonymous_1)
FN:15,(anonymous_2)
FN:20,(anonymous_3)
FN:33,(anonymous_4)
FNF:5
FNH:5
FNDA:12,(anonymous_0)
FNDA:7,(anonymous_1)
FNDA:1,(anonymous_2)
FNDA:1,(anonymous_3)
FNDA:8,(anonymous_4)
DA:4,3
DA:6,3
DA:7,12
DA:8,12
DA:10,12
DA:11,7
DA:12,7
DA:15,12
DA:16,1
DA:17,1
DA:20,12
DA:21,1
DA:22,1
DA:23,1
DA:26,12
DA:33,3
DA:34,8
DA:35,8
DA:36,0
DA:38,8
LF:20
LH:19
BRDA:35,0,0,0
BRDA:35,0,1,8
BRF:2
BRH:1
end_of_record
TN:
SF:src/components/AuthButton.jsx
FN:13,(anonymous_0)
FN:18,(anonymous_1)
FN:26,(anonymous_2)
FN:30,(anonymous_3)
FN:34,(anonymous_4)
FNF:5
FNH:5
FNDA:10,(anonymous_0)
FNDA:6,(anonymous_1)
FNDA:2,(anonymous_2)
FNDA:1,(anonymous_3)
FNDA:1,(anonymous_4)
DA:13,1
DA:14,10
DA:15,10
DA:16,10
DA:18,10
DA:19,6
DA:20,6
DA:21,6
DA:22,1
DA:26,10
DA:27,2
DA:30,10
DA:31,1
DA:34,10
DA:35,1
DA:38,10
LF:16
LH:16
BRDA:21,0,0,1
BRDA:21,0,1,5
BRDA:40,1,0,2
BRDA:40,1,1,8
BRDA:45,2,0,10
BRDA:45,2,1,8
BRF:6
BRH:6
end_of_record
TN:
SF:src/components/AuthForm.jsx
FN:6,(anonymous_0)
FN:19,(anonymous_1)
FN:28,(anonymous_2)
FN:31,(anonymous_3)
FN:38,(anonymous_4)
FN:45,(anonymous_5)
FN:97,(anonymous_6)
FN:116,(anonymous_7)
FN:120,(anonymous_8)
FN:125,(anonymous_9)
FN:133,(anonymous_10)
FN:144,(anonymous_11)
FN:149,(anonymous_12)
FN:157,(anonymous_13)
FN:165,(anonymous_14)
FN:180,(anonymous_15)
FN:185,(anonymous_16)
FN:200,(anonymous_17)
FN:205,(anonymous_18)
FN:213,(anonymous_19)
FN:237,(anonymous_20)
FN:244,(anonymous_21)
FN:253,(anonymous_22)
FNF:23
FNH:13
FNDA:44,(anonymous_0)
FNDA:11,(anonymous_1)
FNDA:11,(anonymous_2)
FNDA:0,(anonymous_3)
FNDA:6,(anonymous_4)
FNDA:0,(anonymous_5)
FNDA:0,(anonymous_6)
FNDA:44,(anonymous_7)
FNDA:0,(anonymous_8)
FNDA:0,(anonymous_9)
FNDA:0,(anonymous_10)
FNDA:0,(anonymous_11)
FNDA:0,(anonymous_12)
FNDA:0,(anonymous_13)
FNDA:0,(anonymous_14)
FNDA:3,(anonymous_15)
FNDA:3,(anonymous_16)
FNDA:3,(anonymous_17)
FNDA:3,(anonymous_18)
FNDA:3,(anonymous_19)
FNDA:1,(anonymous_20)
FNDA:1,(anonymous_21)
FNDA:6,(anonymous_22)
DA:6,2
DA:7,44
DA:8,44
DA:9,44
DA:10,44
DA:11,44
DA:12,44
DA:13,44
DA:14,44
DA:15,44
DA:16,44
DA:17,44
DA:19,44
DA:20,11
DA:21,11
DA:22,11
DA:23,5
DA:24,5
DA:28,44
DA:29,11
DA:30,0
DA:31,0
DA:32,0
DA:33,0
DA:38,44
DA:39,6
DA:40,6
DA:41,6
DA:43,6
DA:44,0
DA:45,0
DA:46,0
DA:47,0
DA:49,0
DA:52,6
DA:53,1
DA:54,1
DA:57,5
DA:60,5
DA:62,0
DA:63,0
DA:64,0
DA:66,0
DA:67,0
DA:68,0
DA:70,3
DA:71,3
DA:72,3
DA:74,2
DA:75,2
DA:77,2
DA:79,0
DA:82,5
DA:88,5
DA:90,5
DA:91,4
DA:92,4
DA:93,0
DA:95,4
DA:96,2
DA:97,2
DA:98,0
DA:99,0
DA:101,2
DA:102,2
DA:106,4
DA:108,1
DA:111,0
DA:112,0
DA:116,44
DA:117,44
DA:119,14
DA:120,0
DA:125,0
DA:133,0
DA:143,1
DA:144,0
DA:149,0
DA:157,0
DA:165,0
DA:179,15
DA:180,3
DA:185,3
DA:199,14
DA:200,3
DA:205,3
DA:213,3
DA:227,0
DA:231,44
DA:237,1
DA:244,1
DA:253,6
LF:92
LH:63
BRDA:22,0,0,5
BRDA:22,0,1,6
BRDA:29,1,0,0
BRDA:29,1,1,11
BRDA:43,2,0,0
BRDA:43,2,1,6
BRDA:43,3,0,6
BRDA:43,3,1,0
BRDA:52,4,0,1
BRDA:52,4,1,5
BRDA:52,5,0,6
BRDA:52,5,1,3
BRDA:60,6,0,0
BRDA:60,6,1,0
BRDA:60,6,2,3
BRDA:60,6,3,2
BRDA:60,6,4,0
BRDA:90,7,0,4
BRDA:90,7,1,1
BRDA:91,8,0,4
BRDA:91,8,1,0
BRDA:92,9,0,0
BRDA:92,9,1,4
BRDA:95,10,0,2
BRDA:95,10,1,2
BRDA:101,11,0,2
BRDA:101,11,1,0
BRDA:108,12,0,1
BRDA:108,12,1,0
BRDA:117,13,0,14
BRDA:117,13,1,1
BRDA:117,13,2,15
BRDA:117,13,3,14
BRDA:117,13,4,0
BRDA:236,14,0,14
BRDA:236,14,1,30
BRDA:243,15,0,1
BRDA:243,15,1,43
BRDA:251,16,0,15
BRDA:251,16,1,29
BRDA:260,17,0,44
BRDA:260,17,1,2
BRDA:265,18,0,44
BRDA:265,18,1,4
BRF:44
BRH:33
end_of_record
TN:
SF:src/components/ChordDetail.jsx
FN:8,(anonymous_0)
FN:13,(anonymous_1)
FN:14,(anonymous_2)
FNF:3
FNH:3
FNDA:12,(anonymous_0)
FNDA:7,(anonymous_1)
FNDA:7,(anonymous_2)
DA:8,1
DA:9,12
DA:10,12
DA:11,12
DA:13,12
DA:14,7
DA:15,7
DA:16,7
DA:17,5
DA:18,0
DA:20,5
DA:21,5
DA:23,1
DA:24,1
DA:28,7
DA:31,12
DA:32,11
DA:34,4
LF:18
LH:17
BRDA:17,0,0,0
BRDA:17,0,1,5
BRDA:31,1,0,1
BRDA:31,1,1,11
BRDA:32,2,0,7
BRDA:32,2,1,4
BRDA:38,3,0,4
BRDA:38,3,1,0
BRDA:42,4,0,3
BRDA:42,4,1,1
BRDA:56,5,0,4
BRDA:56,5,1,4
BRDA:61,6,0,4
BRDA:61,6,1,4
BRDA:64,7,0,4
BRDA:64,7,1,4
BRF:16
BRH:14
end_of_record
TN:
SF:src/components/ChordList.jsx
FN:9,(anonymous_0)
FN:14,(anonymous_1)
FN:15,(anonymous_2)
FN:23,(anonymous_3)
FN:59,(anonymous_4)
FNF:5
FNH:5
FNDA:9,(anonymous_0)
FNDA:5,(anonymous_1)
FNDA:5,(anonymous_2)
FNDA:7,(anonymous_3)
FNDA:4,(anonymous_4)
DA:7,1
DA:9,1
DA:10,9
DA:11,9
DA:12,9
DA:14,9
DA:15,5
DA:16,5
DA:17,5
DA:18,3
DA:19,0
DA:21,3
DA:23,7
DA:24,3
DA:26,1
DA:27,1
DA:29,4
DA:33,5
DA:36,9
DA:37,5
DA:40,4
DA:41,1
DA:44,3
DA:45,1
DA:48,2
DA:50,2
DA:60,4
LF:27
LH:26
BRDA:18,0,0,0
BRDA:18,0,1,3
BRDA:36,1,0,5
BRDA:36,1,1,4
BRDA:40,2,0,1
BRDA:40,2,1,3
BRDA:44,3,0,1
BRDA:44,3,1,2
BRDA:44,4,0,3
BRDA:44,4,1,3
BRF:10
BRH:9
end_of_record
TN:
SF:src/components/ForgotPasswordForm.jsx
FN:4,(anonymous_0)
FN:9,(anonymous_1)
FN:47,(anonymous_2)
FNF:3
FNH:3
FNDA:10,(anonymous_0)
FNDA:2,(anonymous_1)
FNDA:2,(anonymous_2)
DA:4,1
DA:5,10
DA:6,10
DA:7,10
DA:9,10
DA:10,2
DA:11,2
DA:12,2
DA:14,2
DA:15,0
DA:16,0
DA:19,2
DA:20,2
DA:26,2
DA:27,1
DA:30,1
DA:31,1
DA:32,1
DA:34,1
DA:35,1
DA:39,10
DA:47,2
LF:22
LH:20
BRDA:14,0,0,0
BRDA:14,0,1,2
BRDA:26,1,0,1
BRDA:26,1,1,1
BRDA:31,2,0,1
BRDA:31,2,1,0
BRDA:59,3,0,10
BRDA:59,3,1,1
BRDA:64,4,0,10
BRDA:64,4,1,1
BRF:10
BRH:8
end_of_record
TN:
SF:src/components/Header.jsx
FN:6,(anonymous_0)
FNF:1
FNH:1
FNDA:5,(anonymous_0)
DA:6,1
DA:7,5
DA:9,5
LF:3
LH:3
BRDA:6,0,0,3
BRDA:10,1,0,4
BRDA:10,1,1,1
BRF:3
BRH:3
end_of_record
TN:
SF:src/components/Home.jsx
FN:7,(anonymous_0)
FNF:1
FNH:1
FNDA:3,(anonymous_0)
DA:5,1
DA:7,1
DA:8,3
LF:3
LH:3
BRF:0
BRH:0
end_of_record
TN:
SF:src/components/LoginForm.jsx
FN:6,(anonymous_0)
FN:14,(anonymous_1)
FN:64,(anonymous_2)
FN:75,(anonymous_3)
FNF:4
FNH:4
FNDA:22,(anonymous_0)
FNDA:5,(anonymous_1)
FNDA:4,(anonymous_2)
FNDA:4,(anonymous_3)
DA:6,1
DA:7,22
DA:8,22
DA:9,22
DA:10,22
DA:11,22
DA:12,22
DA:14,22
DA:15,5
DA:16,5
DA:17,5
DA:19,5
DA:20,5
DA:21,1
DA:22,4
DA:23,1
DA:24,3
DA:25,1
DA:28,2
DA:36,2
DA:38,2
DA:39,0
DA:44,2
DA:45,0
DA:47,5
DA:48,5
DA:50,5
DA:54,22
DA:64,4
DA:75,4
LF:30
LH:28
BRDA:20,0,0,1
BRDA:20,0,1,4
BRDA:20,1,0,5
BRDA:20,1,1,2
BRDA:22,2,0,1
BRDA:22,2,1,3
BRDA:24,3,0,1
BRDA:24,3,1,2
BRDA:38,4,0,0
BRDA:38,4,1,2
BRDA:39,5,0,0
BRDA:39,5,1,0
BRDA:48,6,0,5
BRDA:48,6,1,0
BRDA:80,7,0,22
BRDA:80,7,1,4
BRDA:90,8,0,2
BRDA:90,8,1,20
BRF:18
BRH:14
end_of_record
TN:
SF:src/components/Navigation.jsx
FN:6,(anonymous_0)
FNF:1
FNH:1
FNDA:3,(anonymous_0)
DA:6,1
DA:7,3
LF:2
LH:2
BRF:0
BRH:0
end_of_record
TN:
SF:src/components/Resources.jsx
FN:7,Resources
FNF:1
FNH:1
FNDA:3,Resources
DA:5,1
DA:8,3
LF:2
LH:2
BRF:0
BRH:0
end_of_record
TN:
SF:src/components/SignupForm.jsx
FN:5,(anonymous_0)
FN:13,(anonymous_1)
FN:57,(anonymous_2)
FN:67,(anonymous_3)
FN:77,(anonymous_4)
FNF:5
FNH:5
FNDA:32,(anonymous_0)
FNDA:5,(anonymous_1)
FNDA:5,(anonymous_2)
FNDA:5,(anonymous_3)
FNDA:5,(anonymous_4)
DA:5,1
DA:6,32
DA:7,32
DA:8,32
DA:9,32
DA:10,32
DA:11,32
DA:13,32
DA:14,5
DA:15,5
DA:17,5
DA:18,1
DA:19,1
DA:22,4
DA:24,4
DA:25,4
DA:33,3
DA:34,3
DA:35,1
DA:38,2
DA:39,2
DA:41,2
DA:43,4
DA:47,32
DA:57,5
DA:67,5
DA:77,5
LF:27
LH:27
BRDA:17,0,0,1
BRDA:17,0,1,4
BRDA:17,1,0,5
BRDA:17,1,1,4
BRDA:17,1,2,4
BRDA:34,2,0,1
BRDA:34,2,1,2
BRDA:35,3,0,1
BRDA:35,3,1,0
BRDA:85,4,0,4
BRDA:85,4,1,28
BRF:11
BRH:10
end_of_record
TN:
SF:src/components/SpotifyMusicPlayer.jsx
FN:3,(anonymous_0)
FNF:1
FNH:1
FNDA:6,(anonymous_0)
DA:3,1
DA:5,6
DA:6,2
DA:8,4
DA:11,6
LF:5
LH:5
BRDA:5,0,0,2
BRDA:5,0,1,4
BRF:2
BRH:2
end_of_record
TN:
SF:src/components/TuneDetail.jsx
FN:8,(anonymous_0)
FN:13,(anonymous_1)
FN:14,(anonymous_2)
FNF:3
FNH:3
FNDA:10,(anonymous_0)
FNDA:6,(anonymous_1)
FNDA:6,(anonymous_2)
DA:8,1
DA:9,10
DA:10,10
DA:11,10
DA:13,10
DA:14,6
DA:15,6
DA:16,6
DA:17,4
DA:18,0
DA:20,4
DA:21,4
DA:23,1
DA:24,1
DA:28,6
DA:31,10
DA:32,9
DA:34,3
LF:18
LH:17
BRDA:17,0,0,0
BRDA:17,0,1,4
BRDA:31,1,0,1
BRDA:31,1,1,9
BRDA:32,2,0,6
BRDA:32,2,1,3
BRDA:38,3,0,3
BRDA:38,3,1,3
BRDA:39,4,0,3
BRDA:39,4,1,3
BRDA:48,5,0,3
BRDA:48,5,1,1
BRDA:58,6,0,2
BRDA:58,6,1,1
BRDA:62,7,0,1
BRDA:62,7,1,0
BRF:16
BRH:14
end_of_record
TN:
SF:src/components/TuneDisplay.jsx
FN:4,(anonymous_0)
FN:11,(anonymous_1)
FN:22,(anonymous_2)
FNF:3
FNH:3
FNDA:5,(anonymous_0)
FNDA:7,(anonymous_1)
FNDA:8,(anonymous_2)
DA:4,1
DA:5,5
DA:12,7
DA:23,8
LF:4
LH:4
BRDA:8,0,0,3
BRDA:8,0,1,2
BRDA:10,1,0,4
BRDA:10,1,1,1
BRDA:21,2,0,4
BRDA:21,2,1,1
BRF:6
BRH:6
end_of_record
TN:
SF:src/components/TuneList.jsx
FN:11,(anonymous_0)
FN:16,(anonymous_1)
FN:17,(anonymous_2)
FN:48,(anonymous_3)
FN:49,(anonymous_4)
FN:96,(anonymous_5)
FNF:6
FNH:6
FNDA:18,(anonymous_0)
FNDA:9,(anonymous_1)
FNDA:9,(anonymous_2)
FNDA:15,(anonymous_3)
FNDA:15,(anonymous_4)
FNDA:15,(anonymous_5)
DA:9,1
DA:11,1
DA:12,18
DA:13,18
DA:14,18
DA:16,18
DA:17,9
DA:18,9
DA:19,9
DA:20,7
DA:21,0
DA:23,7
DA:24,7
DA:26,2
DA:27,2
DA:29,9
DA:33,9
DA:36,18
DA:37,9
DA:40,9
DA:41,2
DA:44,7
DA:45,2
DA:48,15
DA:49,15
DA:51,5
DA:53,5
DA:97,15
LF:28
LH:27
BRDA:20,0,0,0
BRDA:20,0,1,7
BRDA:36,1,0,9
BRDA:36,1,1,9
BRDA:40,2,0,2
BRDA:40,2,1,7
BRDA:44,3,0,2
BRDA:44,3,1,5
BRDA:44,4,0,7
BRDA:44,4,1,7
BRDA:98,5,0,5
BRDA:98,5,1,10
BRF:12
BRH:11
end_of_record
TN:
SF:src/components/YouTubePlayer.jsx
FN:3,(anonymous_0)
FNF:1
FNH:1
FNDA:2,(anonymous_0)
DA:3,1
DA:4,2
DA:5,1
DA:8,1
DA:10,1
LF:5
LH:5
BRDA:4,0,0,1
BRDA:4,0,1,1
BRF:2
BRH:2
end_of_record
TN:
SF:src/components/ui/Button.jsx
FN:3,(anonymous_0)
FNF:1
FNH:1
FNDA:14,(anonymous_0)
DA:3,2
DA:4,14
LF:2
LH:2
BRF:0
BRH:0
end_of_record
TN:
SF:src/components/ui/Card.jsx
FN:3,(anonymous_0)
FN:9,(anonymous_1)
FN:15,(anonymous_2)
FN:21,(anonymous_3)
FNF:4
FNH:4
FNDA:2,(anonymous_0)
FNDA:1,(anonymous_1)
FNDA:1,(anonymous_2)
FNDA:1,(anonymous_3)
DA:3,1
DA:4,2
DA:9,1
DA:10,1
DA:15,1
DA:16,1
DA:21,1
DA:22,1
LF:8
LH:8
BRF:0
BRH:0
end_of_record
TN:
SF:src/components/ui/Dialog.jsx
FN:8,(anonymous_0)
FNF:1
FNH:1
FNDA:1,(anonymous_0)
DA:4,1
DA:5,1
DA:7,1
DA:9,1
DA:25,1
DA:26,1
LF:6
LH:6
BRF:0
BRH:0
end_of_record
TN:
SF:src/components/ui/Input.jsx
FN:3,(anonymous_0)
FNF:1
FNH:1
FNDA:1,(anonymous_0)
DA:3,1
DA:4,1
LF:2
LH:2
BRF:0
BRH:0
end_of_record
